  [1m[35m (357.1ms)[0m  [1m[35mCREATE DATABASE "reddit_clone_development" ENCODING = 'unicode'[0m
  ↳ bin/rails:9
  [1m[35m (42.6ms)[0m  [1m[35mCREATE DATABASE "reddit_clone_test" ENCODING = 'unicode'[0m
  ↳ bin/rails:9
  [1m[35m (27.3ms)[0m  [1m[35mCREATE TABLE "schema_migrations" ("version" character varying NOT NULL PRIMARY KEY)[0m
  ↳ bin/rails:9
  [1m[35m (7.4ms)[0m  [1m[35mCREATE TABLE "ar_internal_metadata" ("key" character varying NOT NULL PRIMARY KEY, "value" character varying, "created_at" timestamp NOT NULL, "updated_at" timestamp NOT NULL)[0m
  ↳ bin/rails:9
  [1m[35m (5.9ms)[0m  [1m[34mSELECT pg_try_advisory_lock(688274183373989625)[0m
  ↳ bin/rails:9
  [1m[35m (1.3ms)[0m  [1m[34mSELECT "schema_migrations"."version" FROM "schema_migrations" ORDER BY "schema_migrations"."version" ASC[0m
  ↳ bin/rails:9
Migrating to CreateUsers (20220603163224)
  [1m[35m (0.2ms)[0m  [1m[34mSELECT pg_advisory_unlock(688274183373989625)[0m
  ↳ bin/rails:9
  [1m[35m (0.2ms)[0m  [1m[34mSELECT pg_try_advisory_lock(688274183373989625)[0m
  ↳ bin/rails:9
  [1m[35m (0.8ms)[0m  [1m[34mSELECT "schema_migrations"."version" FROM "schema_migrations" ORDER BY "schema_migrations"."version" ASC[0m
  ↳ bin/rails:9
Migrating to CreateUsers (20220603163224)
  [1m[35m (0.1ms)[0m  [1m[35mBEGIN[0m
  ↳ bin/rails:9
  [1m[35m (13.7ms)[0m  [1m[35mCREATE TABLE "users" ("id" bigserial primary key, "username" character varying NOT NULL, "password_digest" character varying NOT NULL, "session_token" character varying NOT NULL, "created_at" timestamp NOT NULL, "updated_at" timestamp NOT NULL)[0m
  ↳ db/migrate/20220603163224_create_users.rb:3
  [1m[35m (2.2ms)[0m  [1m[35mCREATE UNIQUE INDEX  "index_users_on_username" ON "users"  ("username")[0m
  ↳ db/migrate/20220603163224_create_users.rb:10
  [1m[35m (1.2ms)[0m  [1m[35mCREATE UNIQUE INDEX  "index_users_on_session_token" ON "users"  ("session_token")[0m
  ↳ db/migrate/20220603163224_create_users.rb:11
  [1m[36mActiveRecord::SchemaMigration Create (1.4ms)[0m  [1m[32mINSERT INTO "schema_migrations" ("version") VALUES ($1) RETURNING "version"[0m  [["version", "20220603163224"]]
  ↳ bin/rails:9
  [1m[35m (0.5ms)[0m  [1m[35mCOMMIT[0m
  ↳ bin/rails:9
  [1m[36mActiveRecord::InternalMetadata Load (1.5ms)[0m  [1m[34mSELECT  "ar_internal_metadata".* FROM "ar_internal_metadata" WHERE "ar_internal_metadata"."key" = $1 LIMIT $2[0m  [["key", "environment"], ["LIMIT", 1]]
  ↳ bin/rails:9
  [1m[35m (0.1ms)[0m  [1m[35mBEGIN[0m
  ↳ bin/rails:9
  [1m[36mActiveRecord::InternalMetadata Create (6.3ms)[0m  [1m[32mINSERT INTO "ar_internal_metadata" ("key", "value", "created_at", "updated_at") VALUES ($1, $2, $3, $4) RETURNING "key"[0m  [["key", "environment"], ["value", "development"], ["created_at", "2022-06-03 16:33:48.609347"], ["updated_at", "2022-06-03 16:33:48.609347"]]
  ↳ bin/rails:9
  [1m[35m (0.3ms)[0m  [1m[35mCOMMIT[0m
  ↳ bin/rails:9
  [1m[35m (0.2ms)[0m  [1m[34mSELECT pg_advisory_unlock(688274183373989625)[0m
  ↳ bin/rails:9
  [1m[35m (0.2ms)[0m  [1m[34mSELECT "schema_migrations"."version" FROM "schema_migrations" ORDER BY "schema_migrations"."version" ASC[0m
  ↳ bin/rails:9
Started GET "/users/new" for ::1 at 2022-06-03 10:57:19 -0700
  [1m[35m (1.2ms)[0m  [1m[34mSELECT "schema_migrations"."version" FROM "schema_migrations" ORDER BY "schema_migrations"."version" ASC[0m
  ↳ /Users/alexkern/.rbenv/versions/2.5.1/lib/ruby/gems/2.5.0/gems/activerecord-5.2.8/lib/active_record/log_subscriber.rb:98
Processing by UsersController#new as HTML
Completed 500 Internal Server Error in 28ms (ActiveRecord: 6.2ms)



NoMethodError - undefined method `vaildates' for #<Class:0x00000001244ef348>
Did you mean?  validates
               validates!
               validate:
  app/models/user.rb:3:in `<class:User>'
  app/models/user.rb:1:in `<top (required)>'
  app/controllers/users_controller.rb:4:in `new'

Started POST "/__better_errors/fcea4b2840bce25e/variables" for ::1 at 2022-06-03 10:57:19 -0700
Started GET "/users/new" for ::1 at 2022-06-03 10:57:52 -0700
Processing by UsersController#new as HTML
  Rendering users/new.html.erb within layouts/application
  Rendered users/new.html.erb within layouts/application (15.5ms)
Completed 500 Internal Server Error in 33ms (ActiveRecord: 6.6ms)



NoMethodError - undefined method `usename' for #<User:0x00000001243dddb0>
Did you mean?  username
               username=
               username?:
  app/views/users/new.html.erb:5:in `_app_views_users_new_html_erb__3698765602812398626_2449652480'
  app/controllers/users_controller.rb:5:in `new'

Started POST "/__better_errors/9835567b591e9c5b/variables" for ::1 at 2022-06-03 10:57:52 -0700
Started GET "/users/new" for ::1 at 2022-06-03 10:58:18 -0700
Processing by UsersController#new as HTML
  Rendering users/new.html.erb within layouts/application
  Rendered users/new.html.erb within layouts/application (0.6ms)
Completed 200 OK in 445ms (Views: 443.8ms | ActiveRecord: 0.0ms)


Started GET "/users/new" for ::1 at 2022-06-03 10:58:28 -0700
Processing by UsersController#new as HTML
  Rendering users/new.html.erb within layouts/application
  Rendered users/new.html.erb within layouts/application (0.5ms)
Completed 200 OK in 17ms (Views: 16.8ms | ActiveRecord: 0.0ms)


Started GET "/users/new" for ::1 at 2022-06-03 10:58:42 -0700
Processing by UsersController#new as HTML
  Rendering users/new.html.erb within layouts/application
  Rendered users/new.html.erb within layouts/application (0.8ms)
Completed 200 OK in 25ms (Views: 24.8ms | ActiveRecord: 0.0ms)


Started GET "/users/new" for ::1 at 2022-06-03 10:58:47 -0700
Processing by UsersController#new as HTML
  Rendering users/new.html.erb within layouts/application
  Rendered users/new.html.erb within layouts/application (0.5ms)
Completed 200 OK in 16ms (Views: 15.7ms | ActiveRecord: 0.0ms)


Started POST "/users" for ::1 at 2022-06-03 10:58:54 -0700
Processing by UsersController#create as HTML
  Parameters: {"user"=>{"username"=>"alex", "password"=>"[FILTERED]"}}
Can't verify CSRF token authenticity.
Completed 422 Unprocessable Entity in 1ms (ActiveRecord: 0.0ms)



ActionController::InvalidAuthenticityToken - ActionController::InvalidAuthenticityToken:

Started POST "/__better_errors/4f2ace58aab80dee/variables" for ::1 at 2022-06-03 10:58:55 -0700
Started POST "/users" for ::1 at 2022-06-03 11:00:08 -0700
Processing by UsersController#create as HTML
  Parameters: {"user"=>{"username"=>"alex", "password"=>"[FILTERED]"}}
Can't verify CSRF token authenticity.
Completed 422 Unprocessable Entity in 1ms (ActiveRecord: 0.0ms)



ActionController::InvalidAuthenticityToken - ActionController::InvalidAuthenticityToken:

Started POST "/__better_errors/bef9e70b3f664b5f/variables" for ::1 at 2022-06-03 11:00:08 -0700
Started POST "/users" for ::1 at 2022-06-03 11:00:15 -0700
Processing by UsersController#create as HTML
  Parameters: {"user"=>{"username"=>"alex", "password"=>"[FILTERED]"}}
Can't verify CSRF token authenticity.
Completed 422 Unprocessable Entity in 1ms (ActiveRecord: 0.0ms)



ActionController::InvalidAuthenticityToken - ActionController::InvalidAuthenticityToken:

Started POST "/__better_errors/2c5a8c1c0704b829/variables" for ::1 at 2022-06-03 11:00:15 -0700
Started POST "/users" for ::1 at 2022-06-03 11:00:24 -0700
Processing by UsersController#create as HTML
  Parameters: {"user"=>{"username"=>"alex", "password"=>"[FILTERED]"}}
Can't verify CSRF token authenticity.
Completed 422 Unprocessable Entity in 1ms (ActiveRecord: 0.0ms)



ActionController::InvalidAuthenticityToken - ActionController::InvalidAuthenticityToken:

Started POST "/__better_errors/dc3d32687d148d30/variables" for ::1 at 2022-06-03 11:00:25 -0700
Started GET "/users/new" for ::1 at 2022-06-03 11:00:37 -0700
  [1m[35m (0.6ms)[0m  [1m[34mSELECT "schema_migrations"."version" FROM "schema_migrations" ORDER BY "schema_migrations"."version" ASC[0m
  ↳ /Users/alexkern/.rbenv/versions/2.5.1/lib/ruby/gems/2.5.0/gems/activerecord-5.2.8/lib/active_record/log_subscriber.rb:98
Processing by UsersController#new as HTML
  Rendering users/new.html.erb within layouts/application
  Rendered users/new.html.erb within layouts/application (1.0ms)
Completed 200 OK in 155ms (Views: 140.6ms | ActiveRecord: 6.2ms)


Started POST "/users" for ::1 at 2022-06-03 11:00:43 -0700
Processing by UsersController#create as HTML
  Parameters: {"authenticity_token"=>"IOG6exrRCQMl8oQMQJVHqVVXHjSs4uxw9ZGQEDjlt8ndlAXAwgedlq+ms1fJHZZYhq4sWPjdWoBBbeWvG5x0lw==", "user"=>{"username"=>"alexkern", "password"=>"[FILTERED]"}}
  [1m[35m (0.2ms)[0m  [1m[35mBEGIN[0m
  ↳ app/controllers/users_controller.rb:10
  [1m[36mUser Exists (6.7ms)[0m  [1m[34mSELECT  1 AS one FROM "users" WHERE "users"."username" = $1 LIMIT $2[0m  [["username", "alexkern"], ["LIMIT", 1]]
  ↳ app/controllers/users_controller.rb:10
  [1m[36mUser Exists (0.2ms)[0m  [1m[34mSELECT  1 AS one FROM "users" WHERE "users"."session_token" = $1 LIMIT $2[0m  [["session_token", "y9goqPPmyrq5t-PgYZHhBw"], ["LIMIT", 1]]
  ↳ app/controllers/users_controller.rb:10
  [1m[36mUser Create (1.4ms)[0m  [1m[32mINSERT INTO "users" ("username", "password_digest", "session_token", "created_at", "updated_at") VALUES ($1, $2, $3, $4, $5) RETURNING "id"[0m  [["username", "alexkern"], ["password_digest", "$2a$12$6Gg6TPfXbYl2CuYVmDtF2.1il6.T7TX3T5LuKirtzC0zBTX4s/pSW"], ["session_token", "y9goqPPmyrq5t-PgYZHhBw"], ["created_at", "2022-06-03 18:00:44.713686"], ["updated_at", "2022-06-03 18:00:44.713686"]]
  ↳ app/controllers/users_controller.rb:10
  [1m[35m (1.0ms)[0m  [1m[35mCOMMIT[0m
  ↳ app/controllers/users_controller.rb:10
  [1m[35m (0.1ms)[0m  [1m[35mBEGIN[0m
  ↳ app/models/user.rb:31
  [1m[36mUser Exists (0.2ms)[0m  [1m[34mSELECT  1 AS one FROM "users" WHERE "users"."username" = $1 AND "users"."id" != $2 LIMIT $3[0m  [["username", "alexkern"], ["id", 1], ["LIMIT", 1]]
  ↳ app/models/user.rb:31
  [1m[36mUser Exists (0.1ms)[0m  [1m[34mSELECT  1 AS one FROM "users" WHERE "users"."session_token" = $1 AND "users"."id" != $2 LIMIT $3[0m  [["session_token", "0_WLSjda2tR0GcYfjWqqAg"], ["id", 1], ["LIMIT", 1]]
  ↳ app/models/user.rb:31
  [1m[36mUser Update (0.7ms)[0m  [1m[33mUPDATE "users" SET "session_token" = $1, "updated_at" = $2 WHERE "users"."id" = $3[0m  [["session_token", "0_WLSjda2tR0GcYfjWqqAg"], ["updated_at", "2022-06-03 18:00:44.718743"], ["id", 1]]
  ↳ app/models/user.rb:31
  [1m[35m (0.2ms)[0m  [1m[35mCOMMIT[0m
  ↳ app/models/user.rb:31
Redirected to http://localhost:3000/users
Completed 302 Found in 721ms (ActiveRecord: 10.8ms)


Started GET "/users" for ::1 at 2022-06-03 11:00:44 -0700
  
ActionController::RoutingError (No route matches [GET] "/users"):
  
actionpack (5.2.8) lib/action_dispatch/middleware/debug_exceptions.rb:65:in `call'
web-console (3.7.0) lib/web_console/middleware.rb:135:in `call_app'
web-console (3.7.0) lib/web_console/middleware.rb:30:in `block in call'
web-console (3.7.0) lib/web_console/middleware.rb:20:in `catch'
web-console (3.7.0) lib/web_console/middleware.rb:20:in `call'
actionpack (5.2.8) lib/action_dispatch/middleware/show_exceptions.rb:33:in `call'
railties (5.2.8) lib/rails/rack/logger.rb:38:in `call_app'
railties (5.2.8) lib/rails/rack/logger.rb:26:in `block in call'
activesupport (5.2.8) lib/active_support/tagged_logging.rb:71:in `block in tagged'
activesupport (5.2.8) lib/active_support/tagged_logging.rb:28:in `tagged'
activesupport (5.2.8) lib/active_support/tagged_logging.rb:71:in `tagged'
railties (5.2.8) lib/rails/rack/logger.rb:26:in `call'
sprockets-rails (3.4.2) lib/sprockets/rails/quiet_assets.rb:13:in `call'
actionpack (5.2.8) lib/action_dispatch/middleware/remote_ip.rb:81:in `call'
actionpack (5.2.8) lib/action_dispatch/middleware/request_id.rb:27:in `call'
rack (2.2.3.1) lib/rack/method_override.rb:24:in `call'
rack (2.2.3.1) lib/rack/runtime.rb:22:in `call'
activesupport (5.2.8) lib/active_support/cache/strategy/local_cache_middleware.rb:29:in `call'
actionpack (5.2.8) lib/action_dispatch/middleware/executor.rb:14:in `call'
actionpack (5.2.8) lib/action_dispatch/middleware/static.rb:127:in `call'
rack (2.2.3.1) lib/rack/sendfile.rb:110:in `call'
railties (5.2.8) lib/rails/engine.rb:524:in `call'
puma (3.12.6) lib/puma/configuration.rb:227:in `call'
puma (3.12.6) lib/puma/server.rb:706:in `handle_request'
puma (3.12.6) lib/puma/server.rb:476:in `process_client'
puma (3.12.6) lib/puma/server.rb:334:in `block in run'
puma (3.12.6) lib/puma/thread_pool.rb:135:in `block in spawn_thread'
Started POST "/users" for ::1 at 2022-06-03 11:02:41 -0700
Processing by UsersController#create as HTML
  Parameters: {"authenticity_token"=>"IOG6exrRCQMl8oQMQJVHqVVXHjSs4uxw9ZGQEDjlt8ndlAXAwgedlq+ms1fJHZZYhq4sWPjdWoBBbeWvG5x0lw==", "user"=>{"username"=>"alexkern", "password"=>"[FILTERED]"}}
  [1m[35m (0.2ms)[0m  [1m[35mBEGIN[0m
  ↳ app/controllers/users_controller.rb:10
  [1m[36mUser Exists (5.2ms)[0m  [1m[34mSELECT  1 AS one FROM "users" WHERE "users"."username" = $1 LIMIT $2[0m  [["username", "alexkern"], ["LIMIT", 1]]
  ↳ app/controllers/users_controller.rb:10
  [1m[36mUser Exists (0.3ms)[0m  [1m[34mSELECT  1 AS one FROM "users" WHERE "users"."session_token" = $1 LIMIT $2[0m  [["session_token", "gkdF9F9PgX43iUktU-wTqQ"], ["LIMIT", 1]]
  ↳ app/controllers/users_controller.rb:10
  [1m[35m (4.4ms)[0m  [1m[31mROLLBACK[0m
  ↳ app/controllers/users_controller.rb:10
  Rendering users/new.html.erb within layouts/application
  Rendered users/new.html.erb within layouts/application (0.5ms)
Completed 200 OK in 747ms (Views: 17.9ms | ActiveRecord: 18.7ms)


Started POST "/users" for ::1 at 2022-06-03 11:03:06 -0700
Processing by UsersController#create as HTML
  Parameters: {"authenticity_token"=>"d6zd+AofyhQnVX7jewndHGIBADdwm6qsPfQTs6+CqGGK2WJD0slega0BSbjygQztsfgyWySkHFyJCGYMjPtrPw==", "user"=>{"username"=>"alexkern1", "password"=>"[FILTERED]"}}
  [1m[35m (0.2ms)[0m  [1m[35mBEGIN[0m
  ↳ app/controllers/users_controller.rb:10
  [1m[36mUser Exists (0.3ms)[0m  [1m[34mSELECT  1 AS one FROM "users" WHERE "users"."username" = $1 LIMIT $2[0m  [["username", "alexkern1"], ["LIMIT", 1]]
  ↳ app/controllers/users_controller.rb:10
  [1m[36mUser Exists (0.2ms)[0m  [1m[34mSELECT  1 AS one FROM "users" WHERE "users"."session_token" = $1 LIMIT $2[0m  [["session_token", "km8xX5pu8XlwsHcimiGODA"], ["LIMIT", 1]]
  ↳ app/controllers/users_controller.rb:10
  [1m[36mUser Create (0.3ms)[0m  [1m[32mINSERT INTO "users" ("username", "password_digest", "session_token", "created_at", "updated_at") VALUES ($1, $2, $3, $4, $5) RETURNING "id"[0m  [["username", "alexkern1"], ["password_digest", "$2a$12$TCi3l5zoGNSFQo4p0mG2VO0IkJ03jMCQwWCrf/69F9JYemZgmKgG."], ["session_token", "km8xX5pu8XlwsHcimiGODA"], ["created_at", "2022-06-03 18:03:06.984908"], ["updated_at", "2022-06-03 18:03:06.984908"]]
  ↳ app/controllers/users_controller.rb:10
  [1m[35m (1.0ms)[0m  [1m[35mCOMMIT[0m
  ↳ app/controllers/users_controller.rb:10
  [1m[35m (0.1ms)[0m  [1m[35mBEGIN[0m
  ↳ app/models/user.rb:31
  [1m[36mUser Exists (0.6ms)[0m  [1m[34mSELECT  1 AS one FROM "users" WHERE "users"."username" = $1 AND "users"."id" != $2 LIMIT $3[0m  [["username", "alexkern1"], ["id", 2], ["LIMIT", 1]]
  ↳ app/models/user.rb:31
  [1m[36mUser Exists (0.4ms)[0m  [1m[34mSELECT  1 AS one FROM "users" WHERE "users"."session_token" = $1 AND "users"."id" != $2 LIMIT $3[0m  [["session_token", "x_S4TdzBNrX9Ftnn9sh9zQ"], ["id", 2], ["LIMIT", 1]]
  ↳ app/models/user.rb:31
  [1m[36mUser Update (0.6ms)[0m  [1m[33mUPDATE "users" SET "session_token" = $1, "updated_at" = $2 WHERE "users"."id" = $3[0m  [["session_token", "x_S4TdzBNrX9Ftnn9sh9zQ"], ["updated_at", "2022-06-03 18:03:06.990543"], ["id", 2]]
  ↳ app/models/user.rb:31
  [1m[35m (0.2ms)[0m  [1m[35mCOMMIT[0m
  ↳ app/models/user.rb:31
Redirected to http://localhost:3000/users
Completed 302 Found in 717ms (ActiveRecord: 3.9ms)


Started GET "/users" for ::1 at 2022-06-03 11:03:06 -0700
Processing by UsersController#index as HTML
  Rendering users/index.html.erb within layouts/application
  Rendered users/index.html.erb within layouts/application (0.2ms)
Completed 200 OK in 16ms (Views: 15.4ms | ActiveRecord: 0.0ms)


Started GET "/session/new" for ::1 at 2022-06-03 11:03:15 -0700
Processing by SessionsController#new as HTML
  Rendering sessions/new.html.erb within layouts/application
  Rendered sessions/new.html.erb within layouts/application (0.5ms)
Completed 200 OK in 16ms (Views: 15.4ms | ActiveRecord: 0.0ms)


Started GET "/session/new" for ::1 at 2022-06-03 11:03:36 -0700
Processing by SessionsController#new as HTML
  Rendering sessions/new.html.erb within layouts/application
  Rendered sessions/new.html.erb within layouts/application (0.5ms)
Completed 200 OK in 26ms (Views: 25.3ms | ActiveRecord: 0.0ms)


Started GET "/session/new" for ::1 at 2022-06-03 11:03:50 -0700
Processing by SessionsController#new as HTML
  Rendering sessions/new.html.erb within layouts/application
  Rendered sessions/new.html.erb within layouts/application (0.6ms)
Completed 200 OK in 28ms (Views: 27.5ms | ActiveRecord: 0.0ms)


Started POST "/session" for ::1 at 2022-06-03 11:03:58 -0700
Processing by SessionsController#create as HTML
  Parameters: {"authenticity_token"=>"jmMShQmn6wrEssaTJm7UBy5GPkEBcVv64qjKH+RPFFVzFq0+0XF/n07m8civ5gX2/b8MLVVO7QpWVL+gxzbXCw==", "user"=>{"username"=>"alexkern1", "password"=>"[FILTERED]"}}
  [1m[36mUser Load (0.3ms)[0m  [1m[34mSELECT  "users".* FROM "users" WHERE "users"."username" = $1 LIMIT $2[0m  [["username", "alexkern1"], ["LIMIT", 1]]
  ↳ app/models/user.rb:11
Completed 500 Internal Server Error in 810ms (ActiveRecord: 0.4ms)



NameError - undefined local variable or method `user' for #<SessionsController:0x0000000106eef4b0>
Did you mean?  @user:
  app/controllers/sessions_controller.rb:13:in `create'

Started POST "/__better_errors/69f4491b7b6dd580/variables" for ::1 at 2022-06-03 11:03:59 -0700
Started POST "/session" for ::1 at 2022-06-03 11:04:26 -0700
Processing by SessionsController#create as HTML
  Parameters: {"authenticity_token"=>"jmMShQmn6wrEssaTJm7UBy5GPkEBcVv64qjKH+RPFFVzFq0+0XF/n07m8civ5gX2/b8MLVVO7QpWVL+gxzbXCw==", "user"=>{"username"=>"alexkern1", "password"=>"[FILTERED]"}}
  [1m[36mUser Load (0.1ms)[0m  [1m[34mSELECT  "users".* FROM "users" WHERE "users"."username" = $1 LIMIT $2[0m  [["username", "alexkern1"], ["LIMIT", 1]]
  ↳ app/models/user.rb:11
  [1m[35m (0.2ms)[0m  [1m[35mBEGIN[0m
  ↳ app/models/user.rb:31
  [1m[36mUser Exists (0.5ms)[0m  [1m[34mSELECT  1 AS one FROM "users" WHERE "users"."username" = $1 AND "users"."id" != $2 LIMIT $3[0m  [["username", "alexkern1"], ["id", 2], ["LIMIT", 1]]
  ↳ app/models/user.rb:31
  [1m[36mUser Exists (0.3ms)[0m  [1m[34mSELECT  1 AS one FROM "users" WHERE "users"."session_token" = $1 AND "users"."id" != $2 LIMIT $3[0m  [["session_token", "_CP2xMvlvlur14aBnuP26g"], ["id", 2], ["LIMIT", 1]]
  ↳ app/models/user.rb:31
  [1m[36mUser Update (0.3ms)[0m  [1m[33mUPDATE "users" SET "session_token" = $1, "updated_at" = $2 WHERE "users"."id" = $3[0m  [["session_token", "_CP2xMvlvlur14aBnuP26g"], ["updated_at", "2022-06-03 18:04:26.772297"], ["id", 2]]
  ↳ app/models/user.rb:31
  [1m[35m (1.4ms)[0m  [1m[35mCOMMIT[0m
  ↳ app/models/user.rb:31
Redirected to http://localhost:3000/users
Completed 302 Found in 712ms (ActiveRecord: 6.1ms)


Started GET "/users" for ::1 at 2022-06-03 11:04:26 -0700
Processing by UsersController#index as HTML
  Rendering users/index.html.erb within layouts/application
  Rendered users/index.html.erb within layouts/application (0.2ms)
Completed 200 OK in 21ms (Views: 20.8ms | ActiveRecord: 0.0ms)


Started GET "/users" for ::1 at 2022-06-03 11:06:00 -0700
Processing by UsersController#index as HTML
  Rendering users/index.html.erb within layouts/application
  [1m[36mUser Load (0.7ms)[0m  [1m[34mSELECT "users".* FROM "users"[0m
  ↳ app/views/users/index.html.erb:7
  Rendered users/index.html.erb within layouts/application (3.0ms)
Completed 200 OK in 23ms (Views: 21.4ms | ActiveRecord: 0.7ms)


Started GET "/users" for ::1 at 2022-06-03 11:06:46 -0700
Processing by UsersController#index as HTML
  Rendering users/index.html.erb within layouts/application
  [1m[36mUser Load (1.1ms)[0m  [1m[34mSELECT "users".* FROM "users"[0m
  ↳ app/views/users/index.html.erb:6
  Rendered users/index.html.erb within layouts/application (3.0ms)
Completed 200 OK in 33ms (Views: 31.0ms | ActiveRecord: 1.1ms)


Started GET "/users" for ::1 at 2022-06-03 11:07:08 -0700
Processing by UsersController#index as HTML
  Rendering users/index.html.erb within layouts/application
  [1m[36mUser Load (0.3ms)[0m  [1m[34mSELECT "users".* FROM "users"[0m
  ↳ app/views/users/index.html.erb:6
  Rendered users/index.html.erb within layouts/application (1.9ms)
Completed 200 OK in 24ms (Views: 22.6ms | ActiveRecord: 0.3ms)


Started GET "/users" for ::1 at 2022-06-03 11:07:22 -0700
Processing by UsersController#index as HTML
  Rendering users/index.html.erb within layouts/application
  [1m[36mUser Load (0.7ms)[0m  [1m[34mSELECT "users".* FROM "users"[0m
  ↳ app/views/users/index.html.erb:7
  Rendered users/index.html.erb within layouts/application (1.8ms)
Completed 200 OK in 22ms (Views: 20.8ms | ActiveRecord: 0.7ms)


Started GET "/users" for ::1 at 2022-06-03 11:07:26 -0700
Processing by UsersController#index as HTML
  Rendering users/index.html.erb within layouts/application
  [1m[36mUser Load (0.5ms)[0m  [1m[34mSELECT "users".* FROM "users"[0m
  ↳ app/views/users/index.html.erb:7
  Rendered users/index.html.erb within layouts/application (2.1ms)
Completed 200 OK in 17ms (Views: 16.1ms | ActiveRecord: 0.5ms)


Started GET "/users" for ::1 at 2022-06-03 11:07:34 -0700
Processing by UsersController#index as HTML
  Rendering users/index.html.erb within layouts/application
  [1m[36mUser Load (0.5ms)[0m  [1m[34mSELECT "users".* FROM "users"[0m
  ↳ app/views/users/index.html.erb:7
  Rendered users/index.html.erb within layouts/application (2.2ms)
Completed 200 OK in 19ms (Views: 18.3ms | ActiveRecord: 0.5ms)


Started GET "/users/new" for ::1 at 2022-06-03 11:08:12 -0700
Processing by UsersController#new as HTML
  Rendering users/new.html.erb within layouts/application
  Rendered users/new.html.erb within layouts/application (6.4ms)
Completed 200 OK in 21ms (Views: 20.5ms | ActiveRecord: 0.0ms)


Started POST "/users" for ::1 at 2022-06-03 11:08:35 -0700
Processing by UsersController#create as HTML
  Parameters: {"authenticity_token"=>"FQ7iXWa00Hyj389ovd8OKpXtpyfRseyx/Kj+EPLY+Wjoe13mvmJE6SmL+DM0V9/bRhSVS4WOWkFIVIuv0aE6Ng==", "user"=>{"username"=>"Lucy", "password"=>"[FILTERED]"}}
  [1m[35m (0.4ms)[0m  [1m[35mBEGIN[0m
  ↳ app/controllers/users_controller.rb:10
  [1m[36mUser Exists (0.6ms)[0m  [1m[34mSELECT  1 AS one FROM "users" WHERE "users"."username" = $1 LIMIT $2[0m  [["username", "Lucy"], ["LIMIT", 1]]
  ↳ app/controllers/users_controller.rb:10
  [1m[36mUser Exists (0.5ms)[0m  [1m[34mSELECT  1 AS one FROM "users" WHERE "users"."session_token" = $1 LIMIT $2[0m  [["session_token", "cxrJ0mVYebUbN3xTAQjNzg"], ["LIMIT", 1]]
  ↳ app/controllers/users_controller.rb:10
  [1m[36mUser Create (0.5ms)[0m  [1m[32mINSERT INTO "users" ("username", "password_digest", "session_token", "created_at", "updated_at") VALUES ($1, $2, $3, $4, $5) RETURNING "id"[0m  [["username", "Lucy"], ["password_digest", "$2a$12$itfN/prk6O2n0rIElGz3K.Y.pMWq/KnPHkliuq19h8K8iAD8.pHzy"], ["session_token", "cxrJ0mVYebUbN3xTAQjNzg"], ["created_at", "2022-06-03 18:08:36.129514"], ["updated_at", "2022-06-03 18:08:36.129514"]]
  ↳ app/controllers/users_controller.rb:10
  [1m[35m (1.5ms)[0m  [1m[35mCOMMIT[0m
  ↳ app/controllers/users_controller.rb:10
  [1m[35m (0.4ms)[0m  [1m[35mBEGIN[0m
  ↳ app/models/user.rb:31
  [1m[36mUser Exists (0.3ms)[0m  [1m[34mSELECT  1 AS one FROM "users" WHERE "users"."username" = $1 AND "users"."id" != $2 LIMIT $3[0m  [["username", "Lucy"], ["id", 3], ["LIMIT", 1]]
  ↳ app/models/user.rb:31
  [1m[36mUser Exists (0.2ms)[0m  [1m[34mSELECT  1 AS one FROM "users" WHERE "users"."session_token" = $1 AND "users"."id" != $2 LIMIT $3[0m  [["session_token", "lXddb2zBuU2oANfGQoWMKg"], ["id", 3], ["LIMIT", 1]]
  ↳ app/models/user.rb:31
  [1m[36mUser Update (0.2ms)[0m  [1m[33mUPDATE "users" SET "session_token" = $1, "updated_at" = $2 WHERE "users"."id" = $3[0m  [["session_token", "lXddb2zBuU2oANfGQoWMKg"], ["updated_at", "2022-06-03 18:08:36.136353"], ["id", 3]]
  ↳ app/models/user.rb:31
  [1m[35m (0.2ms)[0m  [1m[35mCOMMIT[0m
  ↳ app/models/user.rb:31
Redirected to http://localhost:3000/users
Completed 302 Found in 709ms (ActiveRecord: 4.7ms)


Started GET "/users" for ::1 at 2022-06-03 11:08:36 -0700
Processing by UsersController#index as HTML
  Rendering users/index.html.erb within layouts/application
  [1m[36mUser Load (1.0ms)[0m  [1m[34mSELECT "users".* FROM "users"[0m
  ↳ app/views/users/index.html.erb:7
  Rendered users/index.html.erb within layouts/application (2.2ms)
Completed 200 OK in 16ms (Views: 14.4ms | ActiveRecord: 1.0ms)


Started GET "/users" for ::1 at 2022-06-03 11:09:31 -0700
Processing by UsersController#index as HTML
  Rendering users/index.html.erb within layouts/application
  Rendered users/index.html.erb within layouts/application (8.4ms)
Completed 500 Internal Server Error in 13ms (ActiveRecord: 0.0ms)



NoMethodError - undefined method `username' for nil:NilClass:
  app/views/users/index.html.erb:1:in `_app_views_users_index_html_erb__3675013605363775197_2631465120'
  app/controllers/users_controller.rb:21:in `index'

Started POST "/__better_errors/1b90f1593fe660d0/variables" for ::1 at 2022-06-03 11:09:32 -0700
  [1m[36mUser Load (0.2ms)[0m  [1m[34mSELECT  "users".* FROM "users" LIMIT $1[0m  [["LIMIT", 11]]
  ↳ /Users/alexkern/.rbenv/versions/2.5.1/lib/ruby/gems/2.5.0/gems/activerecord-5.2.8/lib/active_record/log_subscriber.rb:98
  [1m[36mCACHE User Load (0.0ms)[0m  [1m[34mSELECT  "users".* FROM "users" LIMIT $1[0m  [["LIMIT", 11]]
  ↳ /Users/alexkern/.rbenv/versions/2.5.1/lib/ruby/gems/2.5.0/gems/activerecord-5.2.8/lib/active_record/log_subscriber.rb:98
  [1m[36mCACHE User Load (0.0ms)[0m  [1m[34mSELECT  "users".* FROM "users" LIMIT $1[0m  [["LIMIT", 11]]
  ↳ /Users/alexkern/.rbenv/versions/2.5.1/lib/ruby/gems/2.5.0/gems/activerecord-5.2.8/lib/active_record/log_subscriber.rb:98
  [1m[36mCACHE User Load (0.0ms)[0m  [1m[34mSELECT  "users".* FROM "users" LIMIT $1[0m  [["LIMIT", 11]]
  ↳ /Users/alexkern/.rbenv/versions/2.5.1/lib/ruby/gems/2.5.0/gems/activerecord-5.2.8/lib/active_record/log_subscriber.rb:98
Started GET "/users" for ::1 at 2022-06-03 11:09:54 -0700
Processing by UsersController#index as HTML
  Rendering users/index.html.erb within layouts/application
  Rendered users/index.html.erb within layouts/application (4.6ms)
Completed 500 Internal Server Error in 9ms (ActiveRecord: 0.0ms)



NoMethodError - undefined method `username' for nil:NilClass:
  app/views/users/index.html.erb:1:in `_app_views_users_index_html_erb__3675013605363775197_2207661960'
  app/controllers/users_controller.rb:21:in `index'

Started POST "/__better_errors/e1e695e9829d8204/variables" for ::1 at 2022-06-03 11:09:54 -0700
  [1m[36mUser Load (0.2ms)[0m  [1m[34mSELECT  "users".* FROM "users" LIMIT $1[0m  [["LIMIT", 11]]
  ↳ /Users/alexkern/.rbenv/versions/2.5.1/lib/ruby/gems/2.5.0/gems/activerecord-5.2.8/lib/active_record/log_subscriber.rb:98
  [1m[36mCACHE User Load (0.0ms)[0m  [1m[34mSELECT  "users".* FROM "users" LIMIT $1[0m  [["LIMIT", 11]]
  ↳ /Users/alexkern/.rbenv/versions/2.5.1/lib/ruby/gems/2.5.0/gems/activerecord-5.2.8/lib/active_record/log_subscriber.rb:98
  [1m[36mCACHE User Load (0.0ms)[0m  [1m[34mSELECT  "users".* FROM "users" LIMIT $1[0m  [["LIMIT", 11]]
  ↳ /Users/alexkern/.rbenv/versions/2.5.1/lib/ruby/gems/2.5.0/gems/activerecord-5.2.8/lib/active_record/log_subscriber.rb:98
  [1m[36mCACHE User Load (0.0ms)[0m  [1m[34mSELECT  "users".* FROM "users" LIMIT $1[0m  [["LIMIT", 11]]
  ↳ /Users/alexkern/.rbenv/versions/2.5.1/lib/ruby/gems/2.5.0/gems/activerecord-5.2.8/lib/active_record/log_subscriber.rb:98
Started GET "/users" for ::1 at 2022-06-03 11:10:16 -0700
Processing by UsersController#index as HTML
  Rendering users/index.html.erb within layouts/application
  Rendered users/index.html.erb within layouts/application (3.3ms)
Completed 500 Internal Server Error in 9ms (ActiveRecord: 0.0ms)



NoMethodError - undefined method `username' for nil:NilClass:
  app/views/users/index.html.erb:1:in `_app_views_users_index_html_erb__3675013605363775197_2208385720'
  app/controllers/users_controller.rb:21:in `index'

Started POST "/__better_errors/dc4dd2506033163e/variables" for ::1 at 2022-06-03 11:10:16 -0700
  [1m[36mUser Load (3.5ms)[0m  [1m[34mSELECT  "users".* FROM "users" LIMIT $1[0m  [["LIMIT", 11]]
  ↳ /Users/alexkern/.rbenv/versions/2.5.1/lib/ruby/gems/2.5.0/gems/activerecord-5.2.8/lib/active_record/log_subscriber.rb:98
  [1m[36mCACHE User Load (0.0ms)[0m  [1m[34mSELECT  "users".* FROM "users" LIMIT $1[0m  [["LIMIT", 11]]
  ↳ /Users/alexkern/.rbenv/versions/2.5.1/lib/ruby/gems/2.5.0/gems/activerecord-5.2.8/lib/active_record/log_subscriber.rb:98
  [1m[36mCACHE User Load (0.0ms)[0m  [1m[34mSELECT  "users".* FROM "users" LIMIT $1[0m  [["LIMIT", 11]]
  ↳ /Users/alexkern/.rbenv/versions/2.5.1/lib/ruby/gems/2.5.0/gems/activerecord-5.2.8/lib/active_record/log_subscriber.rb:98
  [1m[36mCACHE User Load (0.0ms)[0m  [1m[34mSELECT  "users".* FROM "users" LIMIT $1[0m  [["LIMIT", 11]]
  ↳ /Users/alexkern/.rbenv/versions/2.5.1/lib/ruby/gems/2.5.0/gems/activerecord-5.2.8/lib/active_record/log_subscriber.rb:98
Started GET "/users" for ::1 at 2022-06-03 11:10:24 -0700
Processing by UsersController#index as HTML
  Rendering users/index.html.erb within layouts/application
  [1m[36mUser Load (0.3ms)[0m  [1m[34mSELECT  "users".* FROM "users" WHERE "users"."session_token" = $1 LIMIT $2[0m  [["session_token", "lXddb2zBuU2oANfGQoWMKg"], ["LIMIT", 1]]
  ↳ app/controllers/application_controller.rb:6
  [1m[36mUser Load (0.2ms)[0m  [1m[34mSELECT "users".* FROM "users"[0m
  ↳ app/views/users/index.html.erb:7
  Rendered users/index.html.erb within layouts/application (13.2ms)
Completed 200 OK in 36ms (Views: 29.0ms | ActiveRecord: 4.4ms)


Started GET "/users" for ::1 at 2022-06-03 11:10:37 -0700
Processing by UsersController#index as HTML
  Rendering users/index.html.erb within layouts/application
  [1m[36mUser Load (0.4ms)[0m  [1m[34mSELECT  "users".* FROM "users" WHERE "users"."session_token" = $1 LIMIT $2[0m  [["session_token", "lXddb2zBuU2oANfGQoWMKg"], ["LIMIT", 1]]
  ↳ app/controllers/application_controller.rb:6
  [1m[36mUser Load (0.3ms)[0m  [1m[34mSELECT "users".* FROM "users"[0m
  ↳ app/views/users/index.html.erb:7
  Rendered users/index.html.erb within layouts/application (3.1ms)
Completed 200 OK in 22ms (Views: 20.9ms | ActiveRecord: 0.7ms)


Started GET "/users/" for ::1 at 2022-06-03 11:12:32 -0700
Processing by UsersController#index as HTML
  Rendering users/index.html.erb within layouts/application
  [1m[36mUser Load (2.0ms)[0m  [1m[34mSELECT  "users".* FROM "users" WHERE "users"."session_token" = $1 LIMIT $2[0m  [["session_token", "lXddb2zBuU2oANfGQoWMKg"], ["LIMIT", 1]]
  ↳ app/controllers/application_controller.rb:6
  [1m[36mUser Load (0.4ms)[0m  [1m[34mSELECT "users".* FROM "users"[0m
  ↳ app/views/users/index.html.erb:7
  Rendered users/index.html.erb within layouts/application (9.3ms)
Completed 200 OK in 39ms (Views: 36.1ms | ActiveRecord: 2.4ms)


  [1m[35m (0.2ms)[0m  [1m[34mSELECT pg_try_advisory_lock(688274183373989625)[0m
  ↳ bin/rails:9
  [1m[35m (1.0ms)[0m  [1m[34mSELECT "schema_migrations"."version" FROM "schema_migrations" ORDER BY "schema_migrations"."version" ASC[0m
  ↳ bin/rails:9
Migrating to CreateSubs (20220603181453)
  [1m[35m (0.1ms)[0m  [1m[35mBEGIN[0m
  ↳ bin/rails:9
  [1m[35m (17.2ms)[0m  [1m[35mCREATE TABLE "subs" ("id" bigserial primary key, "title" character varying NOT NULL, "description" text NOT NULL, "moderator_id" integer NOT NULL, "created_at" timestamp NOT NULL, "updated_at" timestamp NOT NULL)[0m
  ↳ db/migrate/20220603181453_create_subs.rb:3
  [1m[35m (1.2ms)[0m  [1m[35mCREATE UNIQUE INDEX  "index_subs_on_title" ON "subs"  ("title")[0m
  ↳ db/migrate/20220603181453_create_subs.rb:10
  [1m[36mActiveRecord::SchemaMigration Create (0.2ms)[0m  [1m[32mINSERT INTO "schema_migrations" ("version") VALUES ($1) RETURNING "version"[0m  [["version", "20220603181453"]]
  ↳ bin/rails:9
  [1m[35m (1.2ms)[0m  [1m[35mCOMMIT[0m
  ↳ bin/rails:9
Migrating to CreatePosts (20220603181635)
  [1m[35m (0.2ms)[0m  [1m[35mBEGIN[0m
  ↳ bin/rails:9
  [1m[35m (0.1ms)[0m  [1m[31mROLLBACK[0m
  ↳ bin/rails:9
  [1m[35m (0.2ms)[0m  [1m[34mSELECT pg_advisory_unlock(688274183373989625)[0m
  ↳ bin/rails:9
  [1m[35m (0.2ms)[0m  [1m[34mSELECT pg_try_advisory_lock(688274183373989625)[0m
  ↳ bin/rails:9
  [1m[35m (0.9ms)[0m  [1m[34mSELECT "schema_migrations"."version" FROM "schema_migrations" ORDER BY "schema_migrations"."version" ASC[0m
  ↳ bin/rails:9
Migrating to CreatePosts (20220603181635)
  [1m[35m (0.1ms)[0m  [1m[35mBEGIN[0m
  ↳ bin/rails:9
  [1m[35m (3.3ms)[0m  [1m[35mCREATE TABLE "posts" ("id" bigserial primary key, "title" character varying NOT NULL, "url" character varying, "content" text, "sub_id" integer NOT NULL, "author_id" integer NOT NULL, "created_at" timestamp NOT NULL, "updated_at" timestamp NOT NULL)[0m
  ↳ db/migrate/20220603181635_create_posts.rb:3
  [1m[36mActiveRecord::SchemaMigration Create (0.3ms)[0m  [1m[32mINSERT INTO "schema_migrations" ("version") VALUES ($1) RETURNING "version"[0m  [["version", "20220603181635"]]
  ↳ bin/rails:9
  [1m[35m (0.6ms)[0m  [1m[35mCOMMIT[0m
  ↳ bin/rails:9
  [1m[36mActiveRecord::InternalMetadata Load (5.8ms)[0m  [1m[34mSELECT  "ar_internal_metadata".* FROM "ar_internal_metadata" WHERE "ar_internal_metadata"."key" = $1 LIMIT $2[0m  [["key", "environment"], ["LIMIT", 1]]
  ↳ bin/rails:9
  [1m[35m (0.1ms)[0m  [1m[35mBEGIN[0m
  ↳ bin/rails:9
  [1m[35m (0.1ms)[0m  [1m[35mCOMMIT[0m
  ↳ bin/rails:9
  [1m[35m (0.2ms)[0m  [1m[34mSELECT pg_advisory_unlock(688274183373989625)[0m
  ↳ bin/rails:9
  [1m[35m (0.2ms)[0m  [1m[34mSELECT "schema_migrations"."version" FROM "schema_migrations" ORDER BY "schema_migrations"."version" ASC[0m
  ↳ bin/rails:9
  [1m[35m (1.2ms)[0m  [1m[34mSELECT "schema_migrations"."version" FROM "schema_migrations" ORDER BY "schema_migrations"."version" ASC[0m
  ↳ /Users/alexkern/.rbenv/versions/2.5.1/bin/annotate:25
Started GET "/users/new" for ::1 at 2022-06-03 12:12:25 -0700
  [1m[35m (1.7ms)[0m  [1m[34mSELECT "schema_migrations"."version" FROM "schema_migrations" ORDER BY "schema_migrations"."version" ASC[0m
  ↳ /Users/alexkern/.rbenv/versions/2.5.1/lib/ruby/gems/2.5.0/gems/activerecord-5.2.8/lib/active_record/log_subscriber.rb:98
Processing by UsersController#new as HTML
  Rendering users/new.html.erb within layouts/application
  Rendered users/new.html.erb within layouts/application (1.6ms)
Completed 200 OK in 205ms (Views: 186.5ms | ActiveRecord: 7.3ms)


Started POST "/users" for ::1 at 2022-06-03 12:12:43 -0700
Processing by UsersController#create as HTML
  Parameters: {"authenticity_token"=>"XY1VsmU0GNOJoHIseyfN3EqB5DKpbDyG7pmwWWVzCbig+OoJveKMRgP0RXfyrxwtmXjWXv1TinZaZcXmRgrK5g==", "user"=>{"username"=>"unjammylammy", "password"=>"[FILTERED]"}}
  [1m[35m (0.2ms)[0m  [1m[35mBEGIN[0m
  ↳ app/controllers/users_controller.rb:10
  [1m[36mUser Exists (1.1ms)[0m  [1m[34mSELECT  1 AS one FROM "users" WHERE "users"."username" = $1 LIMIT $2[0m  [["username", "unjammylammy"], ["LIMIT", 1]]
  ↳ app/controllers/users_controller.rb:10
  [1m[36mUser Exists (0.2ms)[0m  [1m[34mSELECT  1 AS one FROM "users" WHERE "users"."session_token" = $1 LIMIT $2[0m  [["session_token", "bZGE1gFCn4iJCpHvWysqLg"], ["LIMIT", 1]]
  ↳ app/controllers/users_controller.rb:10
  [1m[36mUser Create (3.0ms)[0m  [1m[32mINSERT INTO "users" ("username", "password_digest", "session_token", "created_at", "updated_at") VALUES ($1, $2, $3, $4, $5) RETURNING "id"[0m  [["username", "unjammylammy"], ["password_digest", "$2a$12$i9jF5dobMgEQSYWoH2dmJuDhLml.iSFI.vZpEl3yOy81YZzipHvgO"], ["session_token", "bZGE1gFCn4iJCpHvWysqLg"], ["created_at", "2022-06-03 19:12:44.288688"], ["updated_at", "2022-06-03 19:12:44.288688"]]
  ↳ app/controllers/users_controller.rb:10
  [1m[35m (2.0ms)[0m  [1m[35mCOMMIT[0m
  ↳ app/controllers/users_controller.rb:10
  [1m[35m (0.1ms)[0m  [1m[35mBEGIN[0m
  ↳ app/models/user.rb:42
  [1m[36mUser Exists (0.3ms)[0m  [1m[34mSELECT  1 AS one FROM "users" WHERE "users"."username" = $1 AND "users"."id" != $2 LIMIT $3[0m  [["username", "unjammylammy"], ["id", 4], ["LIMIT", 1]]
  ↳ app/models/user.rb:42
  [1m[36mUser Exists (0.2ms)[0m  [1m[34mSELECT  1 AS one FROM "users" WHERE "users"."session_token" = $1 AND "users"."id" != $2 LIMIT $3[0m  [["session_token", "Iu67Z5DFCOh4XUy6lKZhNQ"], ["id", 4], ["LIMIT", 1]]
  ↳ app/models/user.rb:42
  [1m[36mUser Update (1.2ms)[0m  [1m[33mUPDATE "users" SET "session_token" = $1, "updated_at" = $2 WHERE "users"."id" = $3[0m  [["session_token", "Iu67Z5DFCOh4XUy6lKZhNQ"], ["updated_at", "2022-06-03 19:12:44.303078"], ["id", 4]]
  ↳ app/models/user.rb:42
  [1m[35m (0.3ms)[0m  [1m[35mCOMMIT[0m
  ↳ app/models/user.rb:42
Redirected to http://localhost:3000/users
Completed 302 Found in 719ms (ActiveRecord: 8.6ms)


Started GET "/users" for ::1 at 2022-06-03 12:12:44 -0700
Processing by UsersController#index as HTML
  Rendering users/index.html.erb within layouts/application
  [1m[36mUser Load (0.2ms)[0m  [1m[34mSELECT  "users".* FROM "users" WHERE "users"."session_token" = $1 LIMIT $2[0m  [["session_token", "Iu67Z5DFCOh4XUy6lKZhNQ"], ["LIMIT", 1]]
  ↳ app/controllers/application_controller.rb:6
  [1m[36mUser Load (0.2ms)[0m  [1m[34mSELECT "users".* FROM "users"[0m
  ↳ app/views/users/index.html.erb:7
  Rendered users/index.html.erb within layouts/application (3.1ms)
Completed 200 OK in 22ms (Views: 20.9ms | ActiveRecord: 0.6ms)


Started GET "/users/new" for ::1 at 2022-06-03 12:24:16 -0700
Processing by UsersController#new as HTML
  Rendering users/new.html.erb within layouts/application
  Rendered users/new.html.erb within layouts/application (0.5ms)
Completed 200 OK in 40ms (Views: 23.3ms | ActiveRecord: 9.2ms)


Started POST "/users" for ::1 at 2022-06-03 12:24:40 -0700
Processing by UsersController#create as HTML
  Parameters: {"authenticity_token"=>"XfeEibVk94v/EpiW1ZSR754LD30LhLWNw0/drUDEPyWggjsybbJjHnVGr81cHEAeTfI9EV+7A313s6gSY738ew==", "user"=>{"username"=>"fatandsassy", "password"=>"[FILTERED]"}}
  [1m[35m (0.2ms)[0m  [1m[35mBEGIN[0m
  ↳ app/controllers/users_controller.rb:10
  [1m[36mUser Exists (0.9ms)[0m  [1m[34mSELECT  1 AS one FROM "users" WHERE "users"."username" = $1 LIMIT $2[0m  [["username", "fatandsassy"], ["LIMIT", 1]]
  ↳ app/controllers/users_controller.rb:10
  [1m[36mUser Exists (0.2ms)[0m  [1m[34mSELECT  1 AS one FROM "users" WHERE "users"."session_token" = $1 LIMIT $2[0m  [["session_token", "OEqH31XDmnWB-3keP7zmOw"], ["LIMIT", 1]]
  ↳ app/controllers/users_controller.rb:10
  [1m[36mUser Create (0.3ms)[0m  [1m[32mINSERT INTO "users" ("username", "password_digest", "session_token", "created_at", "updated_at") VALUES ($1, $2, $3, $4, $5) RETURNING "id"[0m  [["username", "fatandsassy"], ["password_digest", "$2a$12$ZE.SCNM.nD1RU1h7grmkbO9vpcg8I0JI3t6enKfcdzxcrCd6kNji."], ["session_token", "OEqH31XDmnWB-3keP7zmOw"], ["created_at", "2022-06-03 19:24:41.272583"], ["updated_at", "2022-06-03 19:24:41.272583"]]
  ↳ app/controllers/users_controller.rb:10
  [1m[35m (2.3ms)[0m  [1m[35mCOMMIT[0m
  ↳ app/controllers/users_controller.rb:10
  [1m[35m (0.2ms)[0m  [1m[35mBEGIN[0m
  ↳ app/models/user.rb:42
  [1m[36mUser Exists (0.4ms)[0m  [1m[34mSELECT  1 AS one FROM "users" WHERE "users"."username" = $1 AND "users"."id" != $2 LIMIT $3[0m  [["username", "fatandsassy"], ["id", 5], ["LIMIT", 1]]
  ↳ app/models/user.rb:42
  [1m[36mUser Exists (0.2ms)[0m  [1m[34mSELECT  1 AS one FROM "users" WHERE "users"."session_token" = $1 AND "users"."id" != $2 LIMIT $3[0m  [["session_token", "0ubrhsbwOQFWAwismuAZmQ"], ["id", 5], ["LIMIT", 1]]
  ↳ app/models/user.rb:42
  [1m[36mUser Update (0.3ms)[0m  [1m[33mUPDATE "users" SET "session_token" = $1, "updated_at" = $2 WHERE "users"."id" = $3[0m  [["session_token", "0ubrhsbwOQFWAwismuAZmQ"], ["updated_at", "2022-06-03 19:24:41.279781"], ["id", 5]]
  ↳ app/models/user.rb:42
  [1m[35m (0.2ms)[0m  [1m[35mCOMMIT[0m
  ↳ app/models/user.rb:42
Redirected to http://localhost:3000/users
Completed 302 Found in 706ms (ActiveRecord: 5.2ms)


Started GET "/users" for ::1 at 2022-06-03 12:24:41 -0700
Processing by UsersController#index as HTML
  Rendering users/index.html.erb within layouts/application
  [1m[36mUser Load (0.2ms)[0m  [1m[34mSELECT  "users".* FROM "users" WHERE "users"."session_token" = $1 LIMIT $2[0m  [["session_token", "0ubrhsbwOQFWAwismuAZmQ"], ["LIMIT", 1]]
  ↳ app/controllers/application_controller.rb:6
  [1m[36mUser Load (0.1ms)[0m  [1m[34mSELECT "users".* FROM "users"[0m
  ↳ app/views/users/index.html.erb:7
  Rendered users/index.html.erb within layouts/application (2.1ms)
Completed 200 OK in 21ms (Views: 19.6ms | ActiveRecord: 0.4ms)


Started GET "/users" for ::1 at 2022-06-03 13:02:37 -0700
Processing by UsersController#index as HTML
  Rendering users/index.html.erb within layouts/application
  [1m[36mUser Load (1.1ms)[0m  [1m[34mSELECT  "users".* FROM "users" WHERE "users"."session_token" = $1 LIMIT $2[0m  [["session_token", "0ubrhsbwOQFWAwismuAZmQ"], ["LIMIT", 1]]
  ↳ app/controllers/application_controller.rb:6
  [1m[36mUser Load (0.2ms)[0m  [1m[34mSELECT "users".* FROM "users"[0m
  ↳ app/views/users/index.html.erb:7
  Rendered users/index.html.erb within layouts/application (8.7ms)
Completed 200 OK in 35ms (Views: 29.8ms | ActiveRecord: 1.5ms)


Started GET "/users/new" for ::1 at 2022-06-03 13:02:43 -0700
Processing by UsersController#new as HTML
  Rendering users/new.html.erb within layouts/application
  Rendered users/new.html.erb within layouts/application (1.1ms)
Completed 200 OK in 27ms (Views: 25.9ms | ActiveRecord: 0.0ms)


Started POST "/users" for ::1 at 2022-06-03 13:38:41 -0700
Processing by UsersController#create as HTML
  Parameters: {"authenticity_token"=>"IAsHiJS1vHiSKEMivX8Rh+r1Daam7FqRQgskjECgYhndfrgzTGMo7Rh8dHk098B2OQw/yvLT7GH291EzY9mhRw==", "user"=>{"username"=>"H", "password"=>"[FILTERED]"}}
  [1m[35m (0.2ms)[0m  [1m[35mBEGIN[0m
  ↳ app/controllers/users_controller.rb:10
  [1m[36mUser Exists (2.3ms)[0m  [1m[34mSELECT  1 AS one FROM "users" WHERE "users"."username" = $1 LIMIT $2[0m  [["username", "H"], ["LIMIT", 1]]
  ↳ app/controllers/users_controller.rb:10
  [1m[36mUser Exists (0.2ms)[0m  [1m[34mSELECT  1 AS one FROM "users" WHERE "users"."session_token" = $1 LIMIT $2[0m  [["session_token", "F_R_XtGpSVVeY92YlxwNPg"], ["LIMIT", 1]]
  ↳ app/controllers/users_controller.rb:10
  [1m[36mUser Create (1.1ms)[0m  [1m[32mINSERT INTO "users" ("username", "password_digest", "session_token", "created_at", "updated_at") VALUES ($1, $2, $3, $4, $5) RETURNING "id"[0m  [["username", "H"], ["password_digest", "$2a$12$T1Ev4tN5JCzg/dM1aGZwrODVq6ykR4DHl3Bc8wAeFC3OcpLULzApC"], ["session_token", "F_R_XtGpSVVeY92YlxwNPg"], ["created_at", "2022-06-03 20:38:41.989672"], ["updated_at", "2022-06-03 20:38:41.989672"]]
  ↳ app/controllers/users_controller.rb:10
  [1m[35m (3.8ms)[0m  [1m[35mCOMMIT[0m
  ↳ app/controllers/users_controller.rb:10
  [1m[35m (0.1ms)[0m  [1m[35mBEGIN[0m
  ↳ app/models/user.rb:42
  [1m[36mUser Exists (0.4ms)[0m  [1m[34mSELECT  1 AS one FROM "users" WHERE "users"."username" = $1 AND "users"."id" != $2 LIMIT $3[0m  [["username", "H"], ["id", 6], ["LIMIT", 1]]
  ↳ app/models/user.rb:42
  [1m[36mUser Exists (0.2ms)[0m  [1m[34mSELECT  1 AS one FROM "users" WHERE "users"."session_token" = $1 AND "users"."id" != $2 LIMIT $3[0m  [["session_token", "o5VyHRtPZlKZZjFFfqknAg"], ["id", 6], ["LIMIT", 1]]
  ↳ app/models/user.rb:42
  [1m[36mUser Update (4.4ms)[0m  [1m[33mUPDATE "users" SET "session_token" = $1, "updated_at" = $2 WHERE "users"."id" = $3[0m  [["session_token", "o5VyHRtPZlKZZjFFfqknAg"], ["updated_at", "2022-06-03 20:38:41.998673"], ["id", 6]]
  ↳ app/models/user.rb:42
  [1m[35m (0.2ms)[0m  [1m[35mCOMMIT[0m
  ↳ app/models/user.rb:42
Redirected to http://localhost:3000/users
Completed 302 Found in 721ms (ActiveRecord: 12.8ms)


Started GET "/users" for ::1 at 2022-06-03 13:38:42 -0700
Processing by UsersController#index as HTML
  Rendering users/index.html.erb within layouts/application
  [1m[36mUser Load (0.3ms)[0m  [1m[34mSELECT  "users".* FROM "users" WHERE "users"."session_token" = $1 LIMIT $2[0m  [["session_token", "o5VyHRtPZlKZZjFFfqknAg"], ["LIMIT", 1]]
  ↳ app/controllers/application_controller.rb:6
  [1m[36mUser Load (0.1ms)[0m  [1m[34mSELECT "users".* FROM "users"[0m
  ↳ app/views/users/index.html.erb:7
  Rendered users/index.html.erb within layouts/application (4.3ms)
Completed 200 OK in 31ms (Views: 30.1ms | ActiveRecord: 0.6ms)


Started GET "/users" for ::1 at 2022-06-03 13:39:13 -0700
Processing by UsersController#index as HTML
  Rendering users/index.html.erb within layouts/application
  [1m[36mUser Load (0.5ms)[0m  [1m[34mSELECT  "users".* FROM "users" WHERE "users"."session_token" = $1 LIMIT $2[0m  [["session_token", "o5VyHRtPZlKZZjFFfqknAg"], ["LIMIT", 1]]
  ↳ app/controllers/application_controller.rb:6
  [1m[36mUser Load (0.2ms)[0m  [1m[34mSELECT "users".* FROM "users"[0m
  ↳ app/views/users/index.html.erb:7
  Rendered users/index.html.erb within layouts/application (2.9ms)
Completed 200 OK in 26ms (Views: 24.3ms | ActiveRecord: 0.8ms)


Started GET "/users" for ::1 at 2022-06-03 13:39:16 -0700
Processing by UsersController#index as HTML
  Rendering users/index.html.erb within layouts/application
  [1m[36mUser Load (1.0ms)[0m  [1m[34mSELECT  "users".* FROM "users" WHERE "users"."session_token" = $1 LIMIT $2[0m  [["session_token", "o5VyHRtPZlKZZjFFfqknAg"], ["LIMIT", 1]]
  ↳ app/controllers/application_controller.rb:6
  [1m[36mUser Load (1.3ms)[0m  [1m[34mSELECT "users".* FROM "users"[0m
  ↳ app/views/users/index.html.erb:7
  Rendered users/index.html.erb within layouts/application (5.7ms)
Completed 200 OK in 42ms (Views: 39.1ms | ActiveRecord: 2.3ms)


Started GET "/users" for ::1 at 2022-06-03 13:39:16 -0700
Processing by UsersController#index as HTML
  Rendering users/index.html.erb within layouts/application
  [1m[36mUser Load (0.4ms)[0m  [1m[34mSELECT  "users".* FROM "users" WHERE "users"."session_token" = $1 LIMIT $2[0m  [["session_token", "o5VyHRtPZlKZZjFFfqknAg"], ["LIMIT", 1]]
  ↳ app/controllers/application_controller.rb:6
  [1m[36mUser Load (0.2ms)[0m  [1m[34mSELECT "users".* FROM "users"[0m
  ↳ app/views/users/index.html.erb:7
  Rendered users/index.html.erb within layouts/application (3.3ms)
Completed 200 OK in 28ms (Views: 26.7ms | ActiveRecord: 0.6ms)


Started GET "/users" for ::1 at 2022-06-03 13:39:17 -0700
Processing by UsersController#index as HTML
  Rendering users/index.html.erb within layouts/application
  [1m[36mUser Load (0.7ms)[0m  [1m[34mSELECT  "users".* FROM "users" WHERE "users"."session_token" = $1 LIMIT $2[0m  [["session_token", "o5VyHRtPZlKZZjFFfqknAg"], ["LIMIT", 1]]
  ↳ app/controllers/application_controller.rb:6
  [1m[36mUser Load (0.5ms)[0m  [1m[34mSELECT "users".* FROM "users"[0m
  ↳ app/views/users/index.html.erb:7
  Rendered users/index.html.erb within layouts/application (3.7ms)
Completed 200 OK in 22ms (Views: 20.5ms | ActiveRecord: 1.2ms)


Started GET "/users" for ::1 at 2022-06-03 13:39:18 -0700
Processing by UsersController#index as HTML
  Rendering users/index.html.erb within layouts/application
  [1m[36mUser Load (0.5ms)[0m  [1m[34mSELECT  "users".* FROM "users" WHERE "users"."session_token" = $1 LIMIT $2[0m  [["session_token", "o5VyHRtPZlKZZjFFfqknAg"], ["LIMIT", 1]]
  ↳ app/controllers/application_controller.rb:6
  [1m[36mUser Load (0.2ms)[0m  [1m[34mSELECT "users".* FROM "users"[0m
  ↳ app/views/users/index.html.erb:7
  Rendered users/index.html.erb within layouts/application (3.1ms)
Completed 200 OK in 23ms (Views: 21.7ms | ActiveRecord: 0.7ms)


Started GET "/subs" for ::1 at 2022-06-03 14:07:32 -0700
  [1m[35m (1.6ms)[0m  [1m[34mSELECT "schema_migrations"."version" FROM "schema_migrations" ORDER BY "schema_migrations"."version" ASC[0m
  ↳ /Users/alexkern/.rbenv/versions/2.5.1/lib/ruby/gems/2.5.0/gems/activerecord-5.2.8/lib/active_record/log_subscriber.rb:98
Processing by SubsController#index as HTML
  Rendering subs/index.html.erb within layouts/application
  Rendered subs/index.html.erb within layouts/application (0.6ms)
Completed 200 OK in 157ms (Views: 148.9ms | ActiveRecord: 0.0ms)


Started GET "/subs" for ::1 at 2022-06-03 14:44:57 -0700
Processing by SubsController#index as HTML
  [1m[36mUser Load (4.4ms)[0m  [1m[34mSELECT  "users".* FROM "users" WHERE "users"."session_token" = $1 LIMIT $2[0m  [["session_token", "o5VyHRtPZlKZZjFFfqknAg"], ["LIMIT", 1]]
  ↳ app/controllers/application_controller.rb:6
  Rendering subs/index.html.erb within layouts/application
  [1m[36mSub Load (6.1ms)[0m  [1m[34mSELECT "subs".* FROM "subs"[0m
  ↳ app/views/subs/index.html.erb:4
  Rendered subs/index.html.erb within layouts/application (8.4ms)
Completed 200 OK in 59ms (Views: 24.1ms | ActiveRecord: 19.4ms)


Started GET "/subs/new" for ::1 at 2022-06-03 14:45:06 -0700
Processing by SubsController#new as HTML
  [1m[36mUser Load (0.5ms)[0m  [1m[34mSELECT  "users".* FROM "users" WHERE "users"."session_token" = $1 LIMIT $2[0m  [["session_token", "o5VyHRtPZlKZZjFFfqknAg"], ["LIMIT", 1]]
  ↳ app/controllers/application_controller.rb:6
  Rendering subs/new.html.erb within layouts/application
  Rendered subs/new.html.erb within layouts/application (0.6ms)
Completed 200 OK in 30ms (Views: 21.6ms | ActiveRecord: 2.3ms)


Started GET "/subs/new" for ::1 at 2022-06-03 14:45:18 -0700
Processing by SubsController#new as HTML
  [1m[36mUser Load (0.3ms)[0m  [1m[34mSELECT  "users".* FROM "users" WHERE "users"."session_token" = $1 LIMIT $2[0m  [["session_token", "o5VyHRtPZlKZZjFFfqknAg"], ["LIMIT", 1]]
  ↳ app/controllers/application_controller.rb:6
  Rendering subs/new.html.erb within layouts/application
  Rendered subs/new.html.erb within layouts/application (0.6ms)
Completed 200 OK in 29ms (Views: 27.3ms | ActiveRecord: 0.3ms)


Started GET "/subs/new" for ::1 at 2022-06-03 14:45:34 -0700
Processing by SubsController#new as HTML
  [1m[36mUser Load (0.7ms)[0m  [1m[34mSELECT  "users".* FROM "users" WHERE "users"."session_token" = $1 LIMIT $2[0m  [["session_token", "o5VyHRtPZlKZZjFFfqknAg"], ["LIMIT", 1]]
  ↳ app/controllers/application_controller.rb:6
  Rendering subs/new.html.erb within layouts/application
  Rendered subs/new.html.erb within layouts/application (0.8ms)
Completed 200 OK in 35ms (Views: 32.8ms | ActiveRecord: 0.7ms)


Started GET "/subs/new" for ::1 at 2022-06-03 14:46:12 -0700
Processing by SubsController#new as HTML
  [1m[36mUser Load (3.1ms)[0m  [1m[34mSELECT  "users".* FROM "users" WHERE "users"."session_token" = $1 LIMIT $2[0m  [["session_token", "o5VyHRtPZlKZZjFFfqknAg"], ["LIMIT", 1]]
  ↳ app/controllers/application_controller.rb:6
  Rendering subs/new.html.erb within layouts/application
  Rendered subs/new.html.erb within layouts/application (5.8ms)
Completed 200 OK in 46ms (Views: 39.5ms | ActiveRecord: 3.1ms)


Started GET "/subs/new" for ::1 at 2022-06-03 14:46:23 -0700
Processing by SubsController#new as HTML
  [1m[36mUser Load (0.3ms)[0m  [1m[34mSELECT  "users".* FROM "users" WHERE "users"."session_token" = $1 LIMIT $2[0m  [["session_token", "o5VyHRtPZlKZZjFFfqknAg"], ["LIMIT", 1]]
  ↳ app/controllers/application_controller.rb:6
  Rendering subs/new.html.erb within layouts/application
  Rendered subs/new.html.erb within layouts/application (1.0ms)
Completed 200 OK in 33ms (Views: 31.3ms | ActiveRecord: 0.3ms)


Started GET "/subs/new" for ::1 at 2022-06-03 14:46:33 -0700
Processing by SubsController#new as HTML
  [1m[36mUser Load (0.2ms)[0m  [1m[34mSELECT  "users".* FROM "users" WHERE "users"."session_token" = $1 LIMIT $2[0m  [["session_token", "o5VyHRtPZlKZZjFFfqknAg"], ["LIMIT", 1]]
  ↳ app/controllers/application_controller.rb:6
  Rendering subs/new.html.erb within layouts/application
  Rendered subs/new.html.erb within layouts/application (0.5ms)
Completed 200 OK in 26ms (Views: 24.4ms | ActiveRecord: 0.2ms)


Started POST "/subs" for ::1 at 2022-06-03 14:47:57 -0700
Processing by SubsController#create as HTML
  Parameters: {"sub"=>{"title"=>"testsub", "description"=>"this is the testiest of test subs"}}
Can't verify CSRF token authenticity.
Completed 422 Unprocessable Entity in 2ms (ActiveRecord: 0.0ms)



ActionController::InvalidAuthenticityToken - ActionController::InvalidAuthenticityToken:

Started POST "/__better_errors/aaae670794b01dd8/variables" for ::1 at 2022-06-03 14:47:57 -0700
Started POST "/subs" for ::1 at 2022-06-03 14:48:53 -0700
Processing by SubsController#create as HTML
  Parameters: {"sub"=>{"title"=>"testsub", "description"=>"this is the testiest of test subs"}}
Can't verify CSRF token authenticity.
Completed 422 Unprocessable Entity in 1ms (ActiveRecord: 0.0ms)



ActionController::InvalidAuthenticityToken - ActionController::InvalidAuthenticityToken:

Started POST "/__better_errors/5ce3e1ff2ef92fb3/variables" for ::1 at 2022-06-03 14:48:53 -0700
Started POST "/subs" for ::1 at 2022-06-03 14:49:04 -0700
Processing by SubsController#create as HTML
  Parameters: {"sub"=>{"title"=>"testsub", "description"=>"this is the testiest of test subs"}}
Can't verify CSRF token authenticity.
Completed 422 Unprocessable Entity in 1ms (ActiveRecord: 0.0ms)



ActionController::InvalidAuthenticityToken - ActionController::InvalidAuthenticityToken:

Started POST "/__better_errors/9da49096d79a54be/variables" for ::1 at 2022-06-03 14:49:04 -0700
Started POST "/subs" for ::1 at 2022-06-03 14:49:06 -0700
Processing by SubsController#create as HTML
  Parameters: {"sub"=>{"title"=>"testsub", "description"=>"this is the testiest of test subs"}}
Can't verify CSRF token authenticity.
Completed 422 Unprocessable Entity in 1ms (ActiveRecord: 0.0ms)



ActionController::InvalidAuthenticityToken - ActionController::InvalidAuthenticityToken:

Started POST "/__better_errors/2e896f85724bdd8d/variables" for ::1 at 2022-06-03 14:49:07 -0700
Started POST "/subs" for ::1 at 2022-06-03 14:50:02 -0700
Processing by SubsController#create as HTML
  Parameters: {"sub"=>{"title"=>"testsub", "description"=>"this is the testiest of test subs"}}
Can't verify CSRF token authenticity.
Completed 422 Unprocessable Entity in 1ms (ActiveRecord: 0.0ms)



ActionController::InvalidAuthenticityToken - ActionController::InvalidAuthenticityToken:

Started POST "/__better_errors/16e62ddf0bd569e8/variables" for ::1 at 2022-06-03 14:50:02 -0700
Started GET "/subs" for ::1 at 2022-06-03 14:50:13 -0700
Processing by SubsController#index as HTML
  [1m[36mUser Load (0.4ms)[0m  [1m[34mSELECT  "users".* FROM "users" WHERE "users"."session_token" = $1 LIMIT $2[0m  [["session_token", "o5VyHRtPZlKZZjFFfqknAg"], ["LIMIT", 1]]
  ↳ app/controllers/application_controller.rb:6
  Rendering subs/index.html.erb within layouts/application
  [1m[36mSub Load (2.6ms)[0m  [1m[34mSELECT "subs".* FROM "subs"[0m
  ↳ app/views/subs/index.html.erb:4
  Rendered subs/index.html.erb within layouts/application (4.2ms)
Completed 200 OK in 37ms (Views: 32.1ms | ActiveRecord: 3.0ms)


Started POST "/subs" for ::1 at 2022-06-03 14:50:16 -0700
Processing by SubsController#create as HTML
  Parameters: {"sub"=>{"title"=>"testsub", "description"=>"this is the testiest of test subs"}}
Can't verify CSRF token authenticity.
Completed 422 Unprocessable Entity in 1ms (ActiveRecord: 0.0ms)



ActionController::InvalidAuthenticityToken - ActionController::InvalidAuthenticityToken:

Started POST "/__better_errors/63b26524d11962d9/variables" for ::1 at 2022-06-03 14:50:16 -0700
Started GET "/subs/new" for ::1 at 2022-06-03 14:50:32 -0700
  [1m[35m (1.0ms)[0m  [1m[34mSELECT "schema_migrations"."version" FROM "schema_migrations" ORDER BY "schema_migrations"."version" ASC[0m
  ↳ /Users/alexkern/.rbenv/versions/2.5.1/lib/ruby/gems/2.5.0/gems/activerecord-5.2.8/lib/active_record/log_subscriber.rb:98
Processing by SubsController#new as HTML
  [1m[36mUser Load (0.6ms)[0m  [1m[34mSELECT  "users".* FROM "users" WHERE "users"."session_token" = $1 LIMIT $2[0m  [["session_token", "o5VyHRtPZlKZZjFFfqknAg"], ["LIMIT", 1]]
  ↳ app/controllers/application_controller.rb:6
  Rendering subs/new.html.erb within layouts/application
  Rendered subs/new.html.erb within layouts/application (0.9ms)
Completed 200 OK in 220ms (Views: 191.2ms | ActiveRecord: 9.6ms)


Started POST "/subs" for ::1 at 2022-06-03 14:50:40 -0700
Processing by SubsController#create as HTML
  Parameters: {"authenticity_token"=>"d/W/9WnJ/fV3/jV8ZMIjirKI6tclqSo0hxDTWuNk00yKgABOsR9pYP2qAiftSvJ7YXHYu3GWnMQz7KblwB0QEg==", "sub"=>{"title"=>"testsub", "description"=>"testiest of subs"}}
  [1m[36mUser Load (0.4ms)[0m  [1m[34mSELECT  "users".* FROM "users" WHERE "users"."session_token" = $1 LIMIT $2[0m  [["session_token", "o5VyHRtPZlKZZjFFfqknAg"], ["LIMIT", 1]]
  ↳ app/controllers/application_controller.rb:6
Completed 400 Bad Request in 3ms (ActiveRecord: 0.4ms)



ActionController::ParameterMissing - param is missing or the value is empty: subs:
  app/controllers/subs_controller.rb:70:in `sub_params'
  app/controllers/subs_controller.rb:21:in `create'

Started POST "/__better_errors/5826495f47378383/variables" for ::1 at 2022-06-03 14:50:40 -0700
Started POST "/subs" for ::1 at 2022-06-03 14:51:01 -0700
Processing by SubsController#create as HTML
  Parameters: {"authenticity_token"=>"d/W/9WnJ/fV3/jV8ZMIjirKI6tclqSo0hxDTWuNk00yKgABOsR9pYP2qAiftSvJ7YXHYu3GWnMQz7KblwB0QEg==", "sub"=>{"title"=>"testsub", "description"=>"testiest of subs"}}
  [1m[36mUser Load (0.2ms)[0m  [1m[34mSELECT  "users".* FROM "users" WHERE "users"."session_token" = $1 LIMIT $2[0m  [["session_token", "o5VyHRtPZlKZZjFFfqknAg"], ["LIMIT", 1]]
  ↳ app/controllers/application_controller.rb:6
  [1m[35m (0.2ms)[0m  [1m[35mBEGIN[0m
  ↳ app/controllers/subs_controller.rb:23
  [1m[35m (1.8ms)[0m  [1m[31mROLLBACK[0m
  ↳ app/controllers/subs_controller.rb:23
  Rendering subs/new.html.erb within layouts/application
  Rendered subs/new.html.erb within layouts/application (0.6ms)
Completed 200 OK in 90ms (Views: 32.2ms | ActiveRecord: 18.3ms)


Started POST "/subs" for ::1 at 2022-06-03 14:51:28 -0700
Processing by SubsController#create as HTML
  Parameters: {"authenticity_token"=>"7EQkbHUiRQ+0VTSmR+0XosfyjY8N6Dakk7WM0gGjcCoRMZvXrfTRmj4BA/3OZcZTFAu/41nXgFQnSfltItqzdA==", "sub"=>{"title"=>"second try", "description"=>"second try "}}
  [1m[36mUser Load (3.6ms)[0m  [1m[34mSELECT  "users".* FROM "users" WHERE "users"."session_token" = $1 LIMIT $2[0m  [["session_token", "o5VyHRtPZlKZZjFFfqknAg"], ["LIMIT", 1]]
  ↳ app/controllers/application_controller.rb:6
  [1m[35m (0.3ms)[0m  [1m[35mBEGIN[0m
  ↳ app/controllers/subs_controller.rb:23
  [1m[35m (1.7ms)[0m  [1m[31mROLLBACK[0m
  ↳ app/controllers/subs_controller.rb:23
  Rendering subs/new.html.erb within layouts/application
  Rendered subs/new.html.erb within layouts/application (0.5ms)
Completed 200 OK in 41ms (Views: 30.2ms | ActiveRecord: 5.7ms)


Started POST "/subs" for ::1 at 2022-06-03 14:51:49 -0700
Processing by SubsController#create as HTML
  Parameters: {"authenticity_token"=>"tNx5DLAiEvXZWT3ipPF/8al40eMGnLkkNrhJdT88DQdJqca3aPSGYFMNCrktea4AeoHjj1KjD9SCRDzKHEXOWQ==", "sub"=>{"title"=>"testsub", "description"=>""}}
  [1m[36mUser Load (0.3ms)[0m  [1m[34mSELECT  "users".* FROM "users" WHERE "users"."session_token" = $1 LIMIT $2[0m  [["session_token", "o5VyHRtPZlKZZjFFfqknAg"], ["LIMIT", 1]]
  ↳ app/controllers/application_controller.rb:6
  [1m[35m (0.1ms)[0m  [1m[35mBEGIN[0m
  ↳ app/controllers/subs_controller.rb:23
  [1m[35m (0.2ms)[0m  [1m[31mROLLBACK[0m
  ↳ app/controllers/subs_controller.rb:23
  Rendering subs/new.html.erb within layouts/application
  Rendered subs/new.html.erb within layouts/application (18.5ms)
Completed 500 Internal Server Error in 29ms (ActiveRecord: 0.5ms)



NoMethodError - undefined method `full_mesagges' for #<ActiveModel::Errors:0x000000013f7ce760>
Did you mean?  full_message
               full_messages:
  app/views/subs/new.html.erb:3:in `_app_views_subs_new_html_erb__678808901596161571_2679955560'
  app/controllers/subs_controller.rb:27:in `create'

Started POST "/__better_errors/8f5efc1157d1cf8d/variables" for ::1 at 2022-06-03 14:51:49 -0700
Started GET "/subs" for ::1 at 2022-06-03 14:52:18 -0700
Processing by SubsController#index as HTML
  [1m[36mUser Load (1.1ms)[0m  [1m[34mSELECT  "users".* FROM "users" WHERE "users"."session_token" = $1 LIMIT $2[0m  [["session_token", "o5VyHRtPZlKZZjFFfqknAg"], ["LIMIT", 1]]
  ↳ app/controllers/application_controller.rb:6
  Rendering subs/index.html.erb within layouts/application
  [1m[36mSub Load (8.1ms)[0m  [1m[34mSELECT "subs".* FROM "subs"[0m
  ↳ app/views/subs/index.html.erb:4
  Rendered subs/index.html.erb within layouts/application (12.4ms)
Completed 200 OK in 51ms (Views: 39.6ms | ActiveRecord: 9.2ms)


Started POST "/__better_errors/8f5efc1157d1cf8d/variables" for ::1 at 2022-06-03 14:52:20 -0700
Started GET "/subs/new" for ::1 at 2022-06-03 14:52:33 -0700
  [1m[35m (0.8ms)[0m  [1m[34mSELECT "schema_migrations"."version" FROM "schema_migrations" ORDER BY "schema_migrations"."version" ASC[0m
  ↳ /Users/alexkern/.rbenv/versions/2.5.1/lib/ruby/gems/2.5.0/gems/activerecord-5.2.8/lib/active_record/log_subscriber.rb:98
Processing by SubsController#new as HTML
  [1m[36mUser Load (0.5ms)[0m  [1m[34mSELECT  "users".* FROM "users" WHERE "users"."session_token" = $1 LIMIT $2[0m  [["session_token", "o5VyHRtPZlKZZjFFfqknAg"], ["LIMIT", 1]]
  ↳ app/controllers/application_controller.rb:6
  Rendering subs/new.html.erb within layouts/application
  Rendered subs/new.html.erb within layouts/application (3.0ms)
Completed 500 Internal Server Error in 34ms (ActiveRecord: 7.9ms)



ArgumentError - wrong number of arguments (given 0, expected 2):
  app/views/subs/new.html.erb:3:in `_app_views_subs_new_html_erb___486142862938179837_2587032800'
  app/controllers/subs_controller.rb:12:in `new'

Started POST "/__better_errors/fe717e489386415a/variables" for ::1 at 2022-06-03 14:52:34 -0700
Started GET "/subs/new" for ::1 at 2022-06-03 14:52:53 -0700
Processing by SubsController#new as HTML
  [1m[36mUser Load (0.4ms)[0m  [1m[34mSELECT  "users".* FROM "users" WHERE "users"."session_token" = $1 LIMIT $2[0m  [["session_token", "o5VyHRtPZlKZZjFFfqknAg"], ["LIMIT", 1]]
  ↳ app/controllers/application_controller.rb:6
  Rendering subs/new.html.erb within layouts/application
  Rendered subs/new.html.erb within layouts/application (2.0ms)
Completed 200 OK in 181ms (Views: 179.9ms | ActiveRecord: 0.4ms)


Started POST "/subs" for ::1 at 2022-06-03 14:52:58 -0700
Processing by SubsController#create as HTML
  Parameters: {"authenticity_token"=>"x/lDCcwKrkpOPVrs4vq8z1hnxt9OJGvzAbvWsPC6N2U6jPyyFNw638Rpbbdrcm0+i570sxob3QO1R6MP08P0Ow==", "sub"=>{"title"=>"testsub", "description"=>"test"}}
  [1m[36mUser Load (0.3ms)[0m  [1m[34mSELECT  "users".* FROM "users" WHERE "users"."session_token" = $1 LIMIT $2[0m  [["session_token", "o5VyHRtPZlKZZjFFfqknAg"], ["LIMIT", 1]]
  ↳ app/controllers/application_controller.rb:6
  [1m[35m (0.1ms)[0m  [1m[35mBEGIN[0m
  ↳ app/controllers/subs_controller.rb:23
  [1m[35m (0.3ms)[0m  [1m[31mROLLBACK[0m
  ↳ app/controllers/subs_controller.rb:23
  Rendering subs/new.html.erb within layouts/application
  Rendered subs/new.html.erb within layouts/application (0.6ms)
Completed 200 OK in 34ms (Views: 22.6ms | ActiveRecord: 0.7ms)


Started POST "/subs" for ::1 at 2022-06-03 14:53:50 -0700
Processing by SubsController#create as HTML
  Parameters: {"authenticity_token"=>"2amzdyZxosJUV5vCouO2QkEuHpR4HCXD+6Nr1pgjs6Ak3AzM/qc2V94DrJkra2ezktcs+CwjkzNPXx5pu1pw/g==", "sub"=>{"title"=>"testsub", "description"=>"asdf"}}
  [1m[36mUser Load (0.7ms)[0m  [1m[34mSELECT  "users".* FROM "users" WHERE "users"."session_token" = $1 LIMIT $2[0m  [["session_token", "o5VyHRtPZlKZZjFFfqknAg"], ["LIMIT", 1]]
  ↳ app/controllers/application_controller.rb:6
  [1m[35m (0.1ms)[0m  [1m[35mBEGIN[0m
  ↳ app/controllers/subs_controller.rb:23
  [1m[36mUser Load (0.3ms)[0m  [1m[34mSELECT  "users".* FROM "users" WHERE "users"."id" = $1 LIMIT $2[0m  [["id", 6], ["LIMIT", 1]]
  ↳ app/controllers/subs_controller.rb:23
  [1m[36mSub Create (6.1ms)[0m  [1m[32mINSERT INTO "subs" ("title", "description", "moderator_id", "created_at", "updated_at") VALUES ($1, $2, $3, $4, $5) RETURNING "id"[0m  [["title", "testsub"], ["description", "asdf"], ["moderator_id", 6], ["created_at", "2022-06-03 21:53:50.674387"], ["updated_at", "2022-06-03 21:53:50.674387"]]
  ↳ app/controllers/subs_controller.rb:23
  [1m[35m (1.0ms)[0m  [1m[35mCOMMIT[0m
  ↳ app/controllers/subs_controller.rb:23
Redirected to http://localhost:3000/subs
Completed 302 Found in 37ms (ActiveRecord: 16.1ms)


Started GET "/subs" for ::1 at 2022-06-03 14:53:50 -0700
Processing by SubsController#index as HTML
  [1m[36mUser Load (0.2ms)[0m  [1m[34mSELECT  "users".* FROM "users" WHERE "users"."session_token" = $1 LIMIT $2[0m  [["session_token", "o5VyHRtPZlKZZjFFfqknAg"], ["LIMIT", 1]]
  ↳ app/controllers/application_controller.rb:6
  Rendering subs/index.html.erb within layouts/application
  [1m[36mSub Load (0.2ms)[0m  [1m[34mSELECT "subs".* FROM "subs"[0m
  ↳ app/views/subs/index.html.erb:4
  Rendered subs/index.html.erb within layouts/application (1.1ms)
Completed 200 OK in 24ms (Views: 22.6ms | ActiveRecord: 0.4ms)


Started GET "/subs" for ::1 at 2022-06-03 14:55:24 -0700
Processing by SubsController#index as HTML
  [1m[36mUser Load (1.1ms)[0m  [1m[34mSELECT  "users".* FROM "users" WHERE "users"."session_token" = $1 LIMIT $2[0m  [["session_token", "o5VyHRtPZlKZZjFFfqknAg"], ["LIMIT", 1]]
  ↳ app/controllers/application_controller.rb:6
  Rendering subs/index.html.erb within layouts/application
  [1m[36mSub Load (0.3ms)[0m  [1m[34mSELECT "subs".* FROM "subs"[0m
  ↳ app/views/subs/index.html.erb:4
  Rendered subs/index.html.erb within layouts/application (1.6ms)
Completed 200 OK in 30ms (Views: 24.7ms | ActiveRecord: 1.3ms)


Started GET "/subs/1" for ::1 at 2022-06-03 14:55:26 -0700
Processing by SubsController#show as HTML
  Parameters: {"id"=>"1"}
  [1m[36mUser Load (0.3ms)[0m  [1m[34mSELECT  "users".* FROM "users" WHERE "users"."session_token" = $1 LIMIT $2[0m  [["session_token", "o5VyHRtPZlKZZjFFfqknAg"], ["LIMIT", 1]]
  ↳ app/controllers/application_controller.rb:6
  [1m[36mSub Load (0.3ms)[0m  [1m[34mSELECT  "subs".* FROM "subs" WHERE "subs"."id" = $1 LIMIT $2[0m  [["id", 1], ["LIMIT", 1]]
  ↳ app/controllers/subs_controller.rb:16
  Rendering subs/show.html.erb within layouts/application
  Rendered subs/show.html.erb within layouts/application (0.5ms)
Completed 200 OK in 27ms (Views: 22.2ms | ActiveRecord: 0.6ms)


Started GET "/subs/1" for ::1 at 2022-06-03 14:56:43 -0700
Processing by SubsController#show as HTML
  Parameters: {"id"=>"1"}
  [1m[36mUser Load (0.2ms)[0m  [1m[34mSELECT  "users".* FROM "users" WHERE "users"."session_token" = $1 LIMIT $2[0m  [["session_token", "o5VyHRtPZlKZZjFFfqknAg"], ["LIMIT", 1]]
  ↳ app/controllers/application_controller.rb:6
  [1m[36mSub Load (0.2ms)[0m  [1m[34mSELECT  "subs".* FROM "subs" WHERE "subs"."id" = $1 LIMIT $2[0m  [["id", 1], ["LIMIT", 1]]
  ↳ app/controllers/subs_controller.rb:16
  Rendering subs/show.html.erb within layouts/application
  Rendered subs/show.html.erb within layouts/application (131.3ms)
Completed 500 Internal Server Error in 136ms (ActiveRecord: 0.3ms)



NoMethodError - undefined method `edit_user_sub' for #<#<Class:0x00000001072c6688>:0x00000001246ac028>
Did you mean?  edit_user_sub_url:
  app/views/subs/show.html.erb:5:in `_app_views_subs_show_html_erb___3584020724664417827_2452960780'
  app/controllers/subs_controller.rb:17:in `show'

Started POST "/__better_errors/4d24fab5e696f316/variables" for ::1 at 2022-06-03 14:56:43 -0700
Started GET "/subs/1" for ::1 at 2022-06-03 14:56:55 -0700
Processing by SubsController#show as HTML
  Parameters: {"id"=>"1"}
  [1m[36mUser Load (0.3ms)[0m  [1m[34mSELECT  "users".* FROM "users" WHERE "users"."session_token" = $1 LIMIT $2[0m  [["session_token", "o5VyHRtPZlKZZjFFfqknAg"], ["LIMIT", 1]]
  ↳ app/controllers/application_controller.rb:6
  [1m[36mSub Load (0.5ms)[0m  [1m[34mSELECT  "subs".* FROM "subs" WHERE "subs"."id" = $1 LIMIT $2[0m  [["id", 1], ["LIMIT", 1]]
  ↳ app/controllers/subs_controller.rb:16
  Rendering subs/show.html.erb within layouts/application
  Rendered subs/show.html.erb within layouts/application (0.7ms)
Completed 200 OK in 22ms (Views: 19.0ms | ActiveRecord: 0.8ms)


Started GET "/users/1/subs/1/edit" for ::1 at 2022-06-03 14:57:08 -0700
Processing by SubsController#edit as HTML
  Parameters: {"user_id"=>"1", "id"=>"1"}
  [1m[36mUser Load (0.3ms)[0m  [1m[34mSELECT  "users".* FROM "users" WHERE "users"."session_token" = $1 LIMIT $2[0m  [["session_token", "o5VyHRtPZlKZZjFFfqknAg"], ["LIMIT", 1]]
  ↳ app/controllers/application_controller.rb:6
  [1m[36mUser Load (0.5ms)[0m  [1m[34mSELECT  "users".* FROM "users" WHERE "users"."id" = $1 LIMIT $2[0m  [["id", 1], ["LIMIT", 1]]
  ↳ app/controllers/subs_controller.rb:32
Redirected to http://localhost:3000/subs
Completed 302 Found in 4ms (ActiveRecord: 0.8ms)


Started GET "/subs" for ::1 at 2022-06-03 14:57:08 -0700
Processing by SubsController#index as HTML
  [1m[36mUser Load (1.2ms)[0m  [1m[34mSELECT  "users".* FROM "users" WHERE "users"."session_token" = $1 LIMIT $2[0m  [["session_token", "o5VyHRtPZlKZZjFFfqknAg"], ["LIMIT", 1]]
  ↳ app/controllers/application_controller.rb:6
  Rendering subs/index.html.erb within layouts/application
  [1m[36mSub Load (0.3ms)[0m  [1m[34mSELECT "subs".* FROM "subs"[0m
  ↳ app/views/subs/index.html.erb:4
  Rendered subs/index.html.erb within layouts/application (1.2ms)
Completed 200 OK in 22ms (Views: 20.0ms | ActiveRecord: 1.4ms)


Started GET "/subs" for ::1 at 2022-06-03 14:57:09 -0700
Processing by SubsController#index as HTML
  [1m[36mUser Load (0.3ms)[0m  [1m[34mSELECT  "users".* FROM "users" WHERE "users"."session_token" = $1 LIMIT $2[0m  [["session_token", "o5VyHRtPZlKZZjFFfqknAg"], ["LIMIT", 1]]
  ↳ app/controllers/application_controller.rb:6
  Rendering subs/index.html.erb within layouts/application
  [1m[36mSub Load (0.3ms)[0m  [1m[34mSELECT "subs".* FROM "subs"[0m
  ↳ app/views/subs/index.html.erb:4
  Rendered subs/index.html.erb within layouts/application (1.3ms)
Completed 200 OK in 20ms (Views: 18.1ms | ActiveRecord: 0.6ms)


Started GET "/subs/1" for ::1 at 2022-06-03 14:57:10 -0700
Processing by SubsController#show as HTML
  Parameters: {"id"=>"1"}
  [1m[36mUser Load (0.4ms)[0m  [1m[34mSELECT  "users".* FROM "users" WHERE "users"."session_token" = $1 LIMIT $2[0m  [["session_token", "o5VyHRtPZlKZZjFFfqknAg"], ["LIMIT", 1]]
  ↳ app/controllers/application_controller.rb:6
  [1m[36mSub Load (0.5ms)[0m  [1m[34mSELECT  "subs".* FROM "subs" WHERE "subs"."id" = $1 LIMIT $2[0m  [["id", 1], ["LIMIT", 1]]
  ↳ app/controllers/subs_controller.rb:16
  Rendering subs/show.html.erb within layouts/application
  Rendered subs/show.html.erb within layouts/application (0.5ms)
Completed 200 OK in 19ms (Views: 15.8ms | ActiveRecord: 0.9ms)


Started GET "/users/1/subs/1/edit" for ::1 at 2022-06-03 14:57:11 -0700
Processing by SubsController#edit as HTML
  Parameters: {"user_id"=>"1", "id"=>"1"}
  [1m[36mUser Load (0.3ms)[0m  [1m[34mSELECT  "users".* FROM "users" WHERE "users"."session_token" = $1 LIMIT $2[0m  [["session_token", "o5VyHRtPZlKZZjFFfqknAg"], ["LIMIT", 1]]
  ↳ app/controllers/application_controller.rb:6
  [1m[36mUser Load (1.0ms)[0m  [1m[34mSELECT  "users".* FROM "users" WHERE "users"."id" = $1 LIMIT $2[0m  [["id", 1], ["LIMIT", 1]]
  ↳ app/controllers/subs_controller.rb:32
Redirected to http://localhost:3000/subs
Completed 302 Found in 3ms (ActiveRecord: 1.3ms)


Started GET "/subs" for ::1 at 2022-06-03 14:57:11 -0700
Processing by SubsController#index as HTML
  [1m[36mUser Load (0.3ms)[0m  [1m[34mSELECT  "users".* FROM "users" WHERE "users"."session_token" = $1 LIMIT $2[0m  [["session_token", "o5VyHRtPZlKZZjFFfqknAg"], ["LIMIT", 1]]
  ↳ app/controllers/application_controller.rb:6
  Rendering subs/index.html.erb within layouts/application
  [1m[36mSub Load (0.3ms)[0m  [1m[34mSELECT "subs".* FROM "subs"[0m
  ↳ app/views/subs/index.html.erb:4
  Rendered subs/index.html.erb within layouts/application (1.2ms)
Completed 200 OK in 18ms (Views: 16.6ms | ActiveRecord: 0.5ms)


Started GET "/subs/1" for ::1 at 2022-06-03 14:57:12 -0700
Processing by SubsController#show as HTML
  Parameters: {"id"=>"1"}
  [1m[36mUser Load (0.8ms)[0m  [1m[34mSELECT  "users".* FROM "users" WHERE "users"."session_token" = $1 LIMIT $2[0m  [["session_token", "o5VyHRtPZlKZZjFFfqknAg"], ["LIMIT", 1]]
  ↳ app/controllers/application_controller.rb:6
  [1m[36mSub Load (0.2ms)[0m  [1m[34mSELECT  "subs".* FROM "subs" WHERE "subs"."id" = $1 LIMIT $2[0m  [["id", 1], ["LIMIT", 1]]
  ↳ app/controllers/subs_controller.rb:16
  Rendering subs/show.html.erb within layouts/application
  Rendered subs/show.html.erb within layouts/application (0.5ms)
Completed 200 OK in 19ms (Views: 16.2ms | ActiveRecord: 1.0ms)


Started GET "/users/1/subs/1/edit" for ::1 at 2022-06-03 14:57:13 -0700
Processing by SubsController#edit as HTML
  Parameters: {"user_id"=>"1", "id"=>"1"}
  [1m[36mUser Load (0.4ms)[0m  [1m[34mSELECT  "users".* FROM "users" WHERE "users"."session_token" = $1 LIMIT $2[0m  [["session_token", "o5VyHRtPZlKZZjFFfqknAg"], ["LIMIT", 1]]
  ↳ app/controllers/application_controller.rb:6
  [1m[36mUser Load (0.5ms)[0m  [1m[34mSELECT  "users".* FROM "users" WHERE "users"."id" = $1 LIMIT $2[0m  [["id", 1], ["LIMIT", 1]]
  ↳ app/controllers/subs_controller.rb:32
Redirected to http://localhost:3000/subs
Completed 302 Found in 4ms (ActiveRecord: 0.9ms)


Started GET "/subs" for ::1 at 2022-06-03 14:57:13 -0700
Processing by SubsController#index as HTML
  [1m[36mUser Load (0.2ms)[0m  [1m[34mSELECT  "users".* FROM "users" WHERE "users"."session_token" = $1 LIMIT $2[0m  [["session_token", "o5VyHRtPZlKZZjFFfqknAg"], ["LIMIT", 1]]
  ↳ app/controllers/application_controller.rb:6
  Rendering subs/index.html.erb within layouts/application
  [1m[36mSub Load (0.2ms)[0m  [1m[34mSELECT "subs".* FROM "subs"[0m
  ↳ app/views/subs/index.html.erb:4
  Rendered subs/index.html.erb within layouts/application (1.0ms)
Completed 200 OK in 23ms (Views: 21.7ms | ActiveRecord: 0.4ms)


Started GET "/subs/1" for ::1 at 2022-06-03 14:57:28 -0700
Processing by SubsController#show as HTML
  Parameters: {"id"=>"1"}
  [1m[36mUser Load (1.5ms)[0m  [1m[34mSELECT  "users".* FROM "users" WHERE "users"."session_token" = $1 LIMIT $2[0m  [["session_token", "o5VyHRtPZlKZZjFFfqknAg"], ["LIMIT", 1]]
  ↳ app/controllers/application_controller.rb:6
  [1m[36mSub Load (0.6ms)[0m  [1m[34mSELECT  "subs".* FROM "subs" WHERE "subs"."id" = $1 LIMIT $2[0m  [["id", 1], ["LIMIT", 1]]
  ↳ app/controllers/subs_controller.rb:16
  Rendering subs/show.html.erb within layouts/application
  Rendered subs/show.html.erb within layouts/application (0.6ms)
Completed 200 OK in 21ms (Views: 16.6ms | ActiveRecord: 2.1ms)


Started GET "/users/1/subs/1/edit" for ::1 at 2022-06-03 14:57:30 -0700
Processing by SubsController#edit as HTML
  Parameters: {"user_id"=>"1", "id"=>"1"}
  [1m[36mUser Load (0.2ms)[0m  [1m[34mSELECT  "users".* FROM "users" WHERE "users"."session_token" = $1 LIMIT $2[0m  [["session_token", "o5VyHRtPZlKZZjFFfqknAg"], ["LIMIT", 1]]
  ↳ app/controllers/application_controller.rb:6
  [1m[36mUser Load (1.1ms)[0m  [1m[34mSELECT  "users".* FROM "users" WHERE "users"."id" = $1 LIMIT $2[0m  [["id", 1], ["LIMIT", 1]]
  ↳ app/controllers/subs_controller.rb:32
Redirected to http://localhost:3000/subs
Completed 302 Found in 3ms (ActiveRecord: 1.3ms)


Started GET "/subs" for ::1 at 2022-06-03 14:57:30 -0700
Processing by SubsController#index as HTML
  [1m[36mUser Load (0.2ms)[0m  [1m[34mSELECT  "users".* FROM "users" WHERE "users"."session_token" = $1 LIMIT $2[0m  [["session_token", "o5VyHRtPZlKZZjFFfqknAg"], ["LIMIT", 1]]
  ↳ app/controllers/application_controller.rb:6
  Rendering subs/index.html.erb within layouts/application
  [1m[36mSub Load (0.2ms)[0m  [1m[34mSELECT "subs".* FROM "subs"[0m
  ↳ app/views/subs/index.html.erb:4
  Rendered subs/index.html.erb within layouts/application (1.0ms)
Completed 200 OK in 17ms (Views: 15.4ms | ActiveRecord: 0.4ms)


Started GET "/subs/1" for ::1 at 2022-06-03 14:57:33 -0700
Processing by SubsController#show as HTML
  Parameters: {"id"=>"1"}
  [1m[36mUser Load (0.8ms)[0m  [1m[34mSELECT  "users".* FROM "users" WHERE "users"."session_token" = $1 LIMIT $2[0m  [["session_token", "o5VyHRtPZlKZZjFFfqknAg"], ["LIMIT", 1]]
  ↳ app/controllers/application_controller.rb:6
  [1m[36mSub Load (3.0ms)[0m  [1m[34mSELECT  "subs".* FROM "subs" WHERE "subs"."id" = $1 LIMIT $2[0m  [["id", 1], ["LIMIT", 1]]
  ↳ app/controllers/subs_controller.rb:16
  Rendering subs/show.html.erb within layouts/application
  Rendered subs/show.html.erb within layouts/application (1.0ms)
Completed 200 OK in 38ms (Views: 29.6ms | ActiveRecord: 3.8ms)


Started GET "/users/1/subs/1/edit" for ::1 at 2022-06-03 14:57:36 -0700
Processing by SubsController#edit as HTML
  Parameters: {"user_id"=>"1", "id"=>"1"}
  [1m[36mUser Load (0.2ms)[0m  [1m[34mSELECT  "users".* FROM "users" WHERE "users"."session_token" = $1 LIMIT $2[0m  [["session_token", "o5VyHRtPZlKZZjFFfqknAg"], ["LIMIT", 1]]
  ↳ app/controllers/application_controller.rb:6
  [1m[36mUser Load (1.4ms)[0m  [1m[34mSELECT  "users".* FROM "users" WHERE "users"."id" = $1 LIMIT $2[0m  [["id", 1], ["LIMIT", 1]]
  ↳ app/controllers/subs_controller.rb:32
Redirected to http://localhost:3000/subs
Completed 302 Found in 3ms (ActiveRecord: 1.6ms)


Started GET "/subs" for ::1 at 2022-06-03 14:57:36 -0700
Processing by SubsController#index as HTML
  [1m[36mUser Load (0.2ms)[0m  [1m[34mSELECT  "users".* FROM "users" WHERE "users"."session_token" = $1 LIMIT $2[0m  [["session_token", "o5VyHRtPZlKZZjFFfqknAg"], ["LIMIT", 1]]
  ↳ app/controllers/application_controller.rb:6
  Rendering subs/index.html.erb within layouts/application
  [1m[36mSub Load (0.2ms)[0m  [1m[34mSELECT "subs".* FROM "subs"[0m
  ↳ app/views/subs/index.html.erb:4
  Rendered subs/index.html.erb within layouts/application (1.0ms)
Completed 200 OK in 17ms (Views: 15.5ms | ActiveRecord: 0.4ms)


Started GET "/subs/1" for ::1 at 2022-06-03 14:57:51 -0700
Processing by SubsController#show as HTML
  Parameters: {"id"=>"1"}
  [1m[36mUser Load (0.4ms)[0m  [1m[34mSELECT  "users".* FROM "users" WHERE "users"."session_token" = $1 LIMIT $2[0m  [["session_token", "o5VyHRtPZlKZZjFFfqknAg"], ["LIMIT", 1]]
  ↳ app/controllers/application_controller.rb:6
  [1m[36mSub Load (0.2ms)[0m  [1m[34mSELECT  "subs".* FROM "subs" WHERE "subs"."id" = $1 LIMIT $2[0m  [["id", 1], ["LIMIT", 1]]
  ↳ app/controllers/subs_controller.rb:16
  Rendering subs/show.html.erb within layouts/application
  Rendered subs/show.html.erb within layouts/application (0.6ms)
Completed 200 OK in 19ms (Views: 17.0ms | ActiveRecord: 0.6ms)


Started GET "/subs/1" for ::1 at 2022-06-03 14:58:27 -0700
Processing by SubsController#show as HTML
  Parameters: {"id"=>"1"}
  [1m[36mUser Load (0.2ms)[0m  [1m[34mSELECT  "users".* FROM "users" WHERE "users"."session_token" = $1 LIMIT $2[0m  [["session_token", "o5VyHRtPZlKZZjFFfqknAg"], ["LIMIT", 1]]
  ↳ app/controllers/application_controller.rb:6
  [1m[36mSub Load (0.1ms)[0m  [1m[34mSELECT  "subs".* FROM "subs" WHERE "subs"."id" = $1 LIMIT $2[0m  [["id", 1], ["LIMIT", 1]]
  ↳ app/controllers/subs_controller.rb:16
  Rendering subs/show.html.erb within layouts/application
  Rendered subs/show.html.erb within layouts/application (0.6ms)
Completed 200 OK in 27ms (Views: 25.2ms | ActiveRecord: 0.3ms)


Started GET "/subs/1" for ::1 at 2022-06-03 14:58:33 -0700
Processing by SubsController#show as HTML
  Parameters: {"id"=>"1"}
  [1m[36mUser Load (0.2ms)[0m  [1m[34mSELECT  "users".* FROM "users" WHERE "users"."session_token" = $1 LIMIT $2[0m  [["session_token", "o5VyHRtPZlKZZjFFfqknAg"], ["LIMIT", 1]]
  ↳ app/controllers/application_controller.rb:6
  [1m[36mSub Load (0.1ms)[0m  [1m[34mSELECT  "subs".* FROM "subs" WHERE "subs"."id" = $1 LIMIT $2[0m  [["id", 1], ["LIMIT", 1]]
  ↳ app/controllers/subs_controller.rb:16
  Rendering subs/show.html.erb within layouts/application
  Rendered subs/show.html.erb within layouts/application (0.5ms)
Completed 200 OK in 23ms (Views: 21.5ms | ActiveRecord: 0.3ms)


Started GET "/subs/1" for ::1 at 2022-06-03 14:58:34 -0700
Processing by SubsController#show as HTML
  Parameters: {"id"=>"1"}
  [1m[36mUser Load (0.2ms)[0m  [1m[34mSELECT  "users".* FROM "users" WHERE "users"."session_token" = $1 LIMIT $2[0m  [["session_token", "o5VyHRtPZlKZZjFFfqknAg"], ["LIMIT", 1]]
  ↳ app/controllers/application_controller.rb:6
  [1m[36mSub Load (0.2ms)[0m  [1m[34mSELECT  "subs".* FROM "subs" WHERE "subs"."id" = $1 LIMIT $2[0m  [["id", 1], ["LIMIT", 1]]
  ↳ app/controllers/subs_controller.rb:16
  Rendering subs/show.html.erb within layouts/application
  Rendered subs/show.html.erb within layouts/application (0.5ms)
Completed 200 OK in 17ms (Views: 15.6ms | ActiveRecord: 0.4ms)


Started GET "/subs/1" for ::1 at 2022-06-03 14:58:35 -0700
Processing by SubsController#show as HTML
  Parameters: {"id"=>"1"}
  [1m[36mUser Load (0.2ms)[0m  [1m[34mSELECT  "users".* FROM "users" WHERE "users"."session_token" = $1 LIMIT $2[0m  [["session_token", "o5VyHRtPZlKZZjFFfqknAg"], ["LIMIT", 1]]
  ↳ app/controllers/application_controller.rb:6
  [1m[36mSub Load (0.3ms)[0m  [1m[34mSELECT  "subs".* FROM "subs" WHERE "subs"."id" = $1 LIMIT $2[0m  [["id", 1], ["LIMIT", 1]]
  ↳ app/controllers/subs_controller.rb:16
  Rendering subs/show.html.erb within layouts/application
  Rendered subs/show.html.erb within layouts/application (0.5ms)
Completed 200 OK in 17ms (Views: 15.5ms | ActiveRecord: 0.5ms)


Started GET "/subs/1" for ::1 at 2022-06-03 14:58:36 -0700
Processing by SubsController#show as HTML
  Parameters: {"id"=>"1"}
  [1m[36mUser Load (0.3ms)[0m  [1m[34mSELECT  "users".* FROM "users" WHERE "users"."session_token" = $1 LIMIT $2[0m  [["session_token", "o5VyHRtPZlKZZjFFfqknAg"], ["LIMIT", 1]]
  ↳ app/controllers/application_controller.rb:6
  [1m[36mSub Load (1.0ms)[0m  [1m[34mSELECT  "subs".* FROM "subs" WHERE "subs"."id" = $1 LIMIT $2[0m  [["id", 1], ["LIMIT", 1]]
  ↳ app/controllers/subs_controller.rb:16
  Rendering subs/show.html.erb within layouts/application
  Rendered subs/show.html.erb within layouts/application (0.5ms)
Completed 200 OK in 18ms (Views: 15.8ms | ActiveRecord: 1.2ms)


Started GET "/subs/1" for ::1 at 2022-06-03 14:58:36 -0700
Processing by SubsController#show as HTML
  Parameters: {"id"=>"1"}
  [1m[36mUser Load (0.2ms)[0m  [1m[34mSELECT  "users".* FROM "users" WHERE "users"."session_token" = $1 LIMIT $2[0m  [["session_token", "o5VyHRtPZlKZZjFFfqknAg"], ["LIMIT", 1]]
  ↳ app/controllers/application_controller.rb:6
  [1m[36mSub Load (0.1ms)[0m  [1m[34mSELECT  "subs".* FROM "subs" WHERE "subs"."id" = $1 LIMIT $2[0m  [["id", 1], ["LIMIT", 1]]
  ↳ app/controllers/subs_controller.rb:16
  Rendering subs/show.html.erb within layouts/application
  Rendered subs/show.html.erb within layouts/application (0.5ms)
Completed 200 OK in 23ms (Views: 21.8ms | ActiveRecord: 0.3ms)


Started GET "/subs/1" for ::1 at 2022-06-03 14:58:38 -0700
Processing by SubsController#show as HTML
  Parameters: {"id"=>"1"}
  [1m[36mUser Load (0.2ms)[0m  [1m[34mSELECT  "users".* FROM "users" WHERE "users"."session_token" = $1 LIMIT $2[0m  [["session_token", "o5VyHRtPZlKZZjFFfqknAg"], ["LIMIT", 1]]
  ↳ app/controllers/application_controller.rb:6
  [1m[36mSub Load (0.2ms)[0m  [1m[34mSELECT  "subs".* FROM "subs" WHERE "subs"."id" = $1 LIMIT $2[0m  [["id", 1], ["LIMIT", 1]]
  ↳ app/controllers/subs_controller.rb:16
  Rendering subs/show.html.erb within layouts/application
  Rendered subs/show.html.erb within layouts/application (0.6ms)
Completed 200 OK in 23ms (Views: 20.5ms | ActiveRecord: 0.4ms)


Started GET "/subs/1" for ::1 at 2022-06-03 14:58:38 -0700
Processing by SubsController#show as HTML
  Parameters: {"id"=>"1"}
  [1m[36mUser Load (0.2ms)[0m  [1m[34mSELECT  "users".* FROM "users" WHERE "users"."session_token" = $1 LIMIT $2[0m  [["session_token", "o5VyHRtPZlKZZjFFfqknAg"], ["LIMIT", 1]]
  ↳ app/controllers/application_controller.rb:6
  [1m[36mSub Load (0.2ms)[0m  [1m[34mSELECT  "subs".* FROM "subs" WHERE "subs"."id" = $1 LIMIT $2[0m  [["id", 1], ["LIMIT", 1]]
  ↳ app/controllers/subs_controller.rb:16
  Rendering subs/show.html.erb within layouts/application
  Rendered subs/show.html.erb within layouts/application (0.5ms)
Completed 200 OK in 17ms (Views: 15.6ms | ActiveRecord: 0.4ms)


Started GET "/users/1/subs/1/edit" for ::1 at 2022-06-03 14:58:41 -0700
Processing by SubsController#edit as HTML
  Parameters: {"user_id"=>"1", "id"=>"1"}
  [1m[36mUser Load (0.2ms)[0m  [1m[34mSELECT  "users".* FROM "users" WHERE "users"."session_token" = $1 LIMIT $2[0m  [["session_token", "o5VyHRtPZlKZZjFFfqknAg"], ["LIMIT", 1]]
  ↳ app/controllers/application_controller.rb:6
  [1m[36mUser Load (0.1ms)[0m  [1m[34mSELECT  "users".* FROM "users" WHERE "users"."id" = $1 LIMIT $2[0m  [["id", 1], ["LIMIT", 1]]
  ↳ app/controllers/subs_controller.rb:32
Redirected to http://localhost:3000/subs
Completed 302 Found in 2ms (ActiveRecord: 0.4ms)


Started GET "/subs" for ::1 at 2022-06-03 14:58:41 -0700
Processing by SubsController#index as HTML
  [1m[36mUser Load (0.2ms)[0m  [1m[34mSELECT  "users".* FROM "users" WHERE "users"."session_token" = $1 LIMIT $2[0m  [["session_token", "o5VyHRtPZlKZZjFFfqknAg"], ["LIMIT", 1]]
  ↳ app/controllers/application_controller.rb:6
  Rendering subs/index.html.erb within layouts/application
  [1m[36mSub Load (0.2ms)[0m  [1m[34mSELECT "subs".* FROM "subs"[0m
  ↳ app/views/subs/index.html.erb:4
  Rendered subs/index.html.erb within layouts/application (1.1ms)
Completed 200 OK in 17ms (Views: 15.6ms | ActiveRecord: 0.4ms)


Started GET "/subs/1" for ::1 at 2022-06-03 14:58:42 -0700
Processing by SubsController#show as HTML
  Parameters: {"id"=>"1"}
  [1m[36mUser Load (0.8ms)[0m  [1m[34mSELECT  "users".* FROM "users" WHERE "users"."session_token" = $1 LIMIT $2[0m  [["session_token", "o5VyHRtPZlKZZjFFfqknAg"], ["LIMIT", 1]]
  ↳ app/controllers/application_controller.rb:6
  [1m[36mSub Load (0.2ms)[0m  [1m[34mSELECT  "subs".* FROM "subs" WHERE "subs"."id" = $1 LIMIT $2[0m  [["id", 1], ["LIMIT", 1]]
  ↳ app/controllers/subs_controller.rb:16
  Rendering subs/show.html.erb within layouts/application
  Rendered subs/show.html.erb within layouts/application (0.6ms)
Completed 200 OK in 19ms (Views: 16.4ms | ActiveRecord: 1.0ms)


Started GET "/users/1/subs/1/edit" for ::1 at 2022-06-03 14:58:44 -0700
Processing by SubsController#edit as HTML
  Parameters: {"user_id"=>"1", "id"=>"1"}
  [1m[36mUser Load (2.0ms)[0m  [1m[34mSELECT  "users".* FROM "users" WHERE "users"."session_token" = $1 LIMIT $2[0m  [["session_token", "o5VyHRtPZlKZZjFFfqknAg"], ["LIMIT", 1]]
  ↳ app/controllers/application_controller.rb:6
  [1m[36mUser Load (0.1ms)[0m  [1m[34mSELECT  "users".* FROM "users" WHERE "users"."id" = $1 LIMIT $2[0m  [["id", 1], ["LIMIT", 1]]
  ↳ app/controllers/subs_controller.rb:32
Redirected to http://localhost:3000/subs
Completed 302 Found in 4ms (ActiveRecord: 2.2ms)


Started GET "/subs" for ::1 at 2022-06-03 14:58:44 -0700
Processing by SubsController#index as HTML
  [1m[36mUser Load (0.2ms)[0m  [1m[34mSELECT  "users".* FROM "users" WHERE "users"."session_token" = $1 LIMIT $2[0m  [["session_token", "o5VyHRtPZlKZZjFFfqknAg"], ["LIMIT", 1]]
  ↳ app/controllers/application_controller.rb:6
  Rendering subs/index.html.erb within layouts/application
  [1m[36mSub Load (0.2ms)[0m  [1m[34mSELECT "subs".* FROM "subs"[0m
  ↳ app/views/subs/index.html.erb:4
  Rendered subs/index.html.erb within layouts/application (1.1ms)
Completed 200 OK in 19ms (Views: 17.1ms | ActiveRecord: 0.4ms)


Started GET "/subs/1" for ::1 at 2022-06-03 14:58:45 -0700
Processing by SubsController#show as HTML
  Parameters: {"id"=>"1"}
  [1m[36mUser Load (1.3ms)[0m  [1m[34mSELECT  "users".* FROM "users" WHERE "users"."session_token" = $1 LIMIT $2[0m  [["session_token", "o5VyHRtPZlKZZjFFfqknAg"], ["LIMIT", 1]]
  ↳ app/controllers/application_controller.rb:6
  [1m[36mSub Load (0.5ms)[0m  [1m[34mSELECT  "subs".* FROM "subs" WHERE "subs"."id" = $1 LIMIT $2[0m  [["id", 1], ["LIMIT", 1]]
  ↳ app/controllers/subs_controller.rb:16
  Rendering subs/show.html.erb within layouts/application
  Rendered subs/show.html.erb within layouts/application (0.7ms)
Completed 200 OK in 28ms (Views: 22.5ms | ActiveRecord: 1.8ms)


Started GET "/subs/new" for ::1 at 2022-06-03 14:58:54 -0700
Processing by SubsController#new as HTML
  [1m[36mUser Load (0.2ms)[0m  [1m[34mSELECT  "users".* FROM "users" WHERE "users"."session_token" = $1 LIMIT $2[0m  [["session_token", "o5VyHRtPZlKZZjFFfqknAg"], ["LIMIT", 1]]
  ↳ app/controllers/application_controller.rb:6
  Rendering subs/new.html.erb within layouts/application
  Rendered subs/new.html.erb within layouts/application (0.5ms)
Completed 200 OK in 30ms (Views: 28.4ms | ActiveRecord: 0.2ms)


Started POST "/subs" for ::1 at 2022-06-03 14:59:05 -0700
Processing by SubsController#create as HTML
  Parameters: {"authenticity_token"=>"OM3yUesX1kFCf33CjShSfC6DdSft1L76n/vRfIbffs7FuE3qM8FC1MgrSpkEoION/XpHS7nrCAorB6TDpaa9kA==", "sub"=>{"title"=>"no fuck you", "description"=>"fku"}}
  [1m[36mUser Load (0.2ms)[0m  [1m[34mSELECT  "users".* FROM "users" WHERE "users"."session_token" = $1 LIMIT $2[0m  [["session_token", "o5VyHRtPZlKZZjFFfqknAg"], ["LIMIT", 1]]
  ↳ app/controllers/application_controller.rb:6
  [1m[35m (0.1ms)[0m  [1m[35mBEGIN[0m
  ↳ app/controllers/subs_controller.rb:23
  [1m[36mUser Load (0.1ms)[0m  [1m[34mSELECT  "users".* FROM "users" WHERE "users"."id" = $1 LIMIT $2[0m  [["id", 6], ["LIMIT", 1]]
  ↳ app/controllers/subs_controller.rb:23
  [1m[36mSub Create (0.4ms)[0m  [1m[32mINSERT INTO "subs" ("title", "description", "moderator_id", "created_at", "updated_at") VALUES ($1, $2, $3, $4, $5) RETURNING "id"[0m  [["title", "no fuck you"], ["description", "fku"], ["moderator_id", 6], ["created_at", "2022-06-03 21:59:05.143164"], ["updated_at", "2022-06-03 21:59:05.143164"]]
  ↳ app/controllers/subs_controller.rb:23
  [1m[35m (0.8ms)[0m  [1m[35mCOMMIT[0m
  ↳ app/controllers/subs_controller.rb:23
Redirected to http://localhost:3000/subs
Completed 302 Found in 5ms (ActiveRecord: 1.5ms)


Started GET "/subs" for ::1 at 2022-06-03 14:59:05 -0700
Processing by SubsController#index as HTML
  [1m[36mUser Load (0.1ms)[0m  [1m[34mSELECT  "users".* FROM "users" WHERE "users"."session_token" = $1 LIMIT $2[0m  [["session_token", "o5VyHRtPZlKZZjFFfqknAg"], ["LIMIT", 1]]
  ↳ app/controllers/application_controller.rb:6
  Rendering subs/index.html.erb within layouts/application
  [1m[36mSub Load (0.2ms)[0m  [1m[34mSELECT "subs".* FROM "subs"[0m
  ↳ app/views/subs/index.html.erb:4
  Rendered subs/index.html.erb within layouts/application (1.0ms)
Completed 200 OK in 17ms (Views: 16.0ms | ActiveRecord: 0.3ms)


Started GET "/subs/2" for ::1 at 2022-06-03 14:59:07 -0700
Processing by SubsController#show as HTML
  Parameters: {"id"=>"2"}
  [1m[36mUser Load (0.2ms)[0m  [1m[34mSELECT  "users".* FROM "users" WHERE "users"."session_token" = $1 LIMIT $2[0m  [["session_token", "o5VyHRtPZlKZZjFFfqknAg"], ["LIMIT", 1]]
  ↳ app/controllers/application_controller.rb:6
  [1m[36mSub Load (0.9ms)[0m  [1m[34mSELECT  "subs".* FROM "subs" WHERE "subs"."id" = $1 LIMIT $2[0m  [["id", 2], ["LIMIT", 1]]
  ↳ app/controllers/subs_controller.rb:16
  Rendering subs/show.html.erb within layouts/application
  Rendered subs/show.html.erb within layouts/application (0.9ms)
Completed 200 OK in 19ms (Views: 16.4ms | ActiveRecord: 1.1ms)


Started GET "/users/2/subs/2/edit" for ::1 at 2022-06-03 14:59:09 -0700
Processing by SubsController#edit as HTML
  Parameters: {"user_id"=>"2", "id"=>"2"}
  [1m[36mUser Load (1.5ms)[0m  [1m[34mSELECT  "users".* FROM "users" WHERE "users"."session_token" = $1 LIMIT $2[0m  [["session_token", "o5VyHRtPZlKZZjFFfqknAg"], ["LIMIT", 1]]
  ↳ app/controllers/application_controller.rb:6
  [1m[36mUser Load (0.1ms)[0m  [1m[34mSELECT  "users".* FROM "users" WHERE "users"."id" = $1 LIMIT $2[0m  [["id", 2], ["LIMIT", 1]]
  ↳ app/controllers/subs_controller.rb:32
Redirected to http://localhost:3000/subs
Completed 302 Found in 3ms (ActiveRecord: 1.7ms)


Started GET "/subs" for ::1 at 2022-06-03 14:59:09 -0700
Processing by SubsController#index as HTML
  [1m[36mUser Load (0.3ms)[0m  [1m[34mSELECT  "users".* FROM "users" WHERE "users"."session_token" = $1 LIMIT $2[0m  [["session_token", "o5VyHRtPZlKZZjFFfqknAg"], ["LIMIT", 1]]
  ↳ app/controllers/application_controller.rb:6
  Rendering subs/index.html.erb within layouts/application
  [1m[36mSub Load (0.2ms)[0m  [1m[34mSELECT "subs".* FROM "subs"[0m
  ↳ app/views/subs/index.html.erb:4
  Rendered subs/index.html.erb within layouts/application (1.0ms)
Completed 200 OK in 17ms (Views: 15.5ms | ActiveRecord: 0.5ms)


